node   1  (   0,    0) (   9,    3) (  29,    4) (  44,    5) (  65,    7) (  81,    9) (  81,    9) (  81,    9) (  81,    9) (  81,    9)
          (  81,    9) (  81,    9) (  81,    9) (  81,    9) (  81,    9) (  81,    9) (  81,    9) (  81,    9) (  81,    9) (  81,    9)
          (  81,    9) (  81,    9) (  81,    9) (  81,    9) (  81,    9) (  81,    9) (  81,    9) (  81,    9) (  81,    9) (  81,    9)
          (  81,    9) (  81,    9) (  81,    9) (  81,    9) (  81,    9) (  81,    9) (  81,    9) (  81,    9) (  81,    9) (  81,    9)
          (  81,    9) (  81,    9) (  81,    9) (  81,    9) (  81,    9) (  81,    9) (  81,    9) (  81,    9) (  81,    9) (  81,    9)
          (  81,    9) (  81,    9) (  81,    9) (  81,    9) (  81,    9) (  81,    9) (  81,    9) (  81,    9) (  81,    9) (  81,    9)
          (  81,    9) (  81,    9) (  81,    9) (  81,    9) (  81,    9) (  81,    9) (  81,    9) (  81,    9) (  81,    9) (  81,    9)
          (  81,    9) (  81,    9) (  81,    9) (  81,    9) (  81,    9) (  81,    9) (  81,    9) (  81,    9) (  81,    9) (  81,    9)
          (  81,    9) (  81,    9) (  81,    9) (  81,    9) (  81,    9) (  81,    9) (  81,    9) (  81,    9) (  81,    9) (  81,    9)
          (  81,    9) (  81,    9) (  81,    9) (  81,    9) (  81,    9) (  81,    9) (  81,    9) (  81,    9) (  81,    9) (  81,    9)
          (  81,    9) (  81,    9) (  73,    8) (  73,    8) (  73,    8) (  73,    8) (  73,    8) (  73,    8) (  73,    8) (  73,    8)
          (  73,    8) (  73,    8) (  73,    8) (  73,    8) (  73,    8) (  73,    8) (  73,    8) (  73,    8) (  73,    8) (  73,    8)
          (  73,    8) (  73,    8) (  73,    8) (  73,    8) (  73,    8) (  73,    8) (  73,    8) (  73,    8) (  73,    8) (  73,    8)
          (  73,    8) (  73,    8) (  73,    8) (  73,    8) (  73,    8) (  73,    8) (  73,    8) (  73,    8) (  73,    8) (  73,    8)
          (  73,    8) (  73,    8) (  73,    8) (  73,    8) (  73,    8) (  73,    8) (  73,    8) (  73,    8) (  73,    8) (  73,    8)
          (  73,    8) (  73,    8) (  73,    8) (  73,    8) (  73,    8) (  73,    8) (  73,    8) (  73,    8) (  73,    8) (  73,    8)
          (  73,    8) (  73,    8) (  73,    8) (  73,    8) (  73,    8) (  73,    8) (  73,    8) (  73,    8) (  73,    8) (  73,    8)
          (  73,    8) (  73,    8) (  73,    8) (  73,    8) (  73,    8) (  73,    8) (  73,    8) (  73,    8) (  73,    8) (  73,    8)
          (  73,    8) (  73,    8) (  73,    8) (  73,    8) (  73,    8) (  73,    8) (  73,    8) (  73,    8) (  73,    8) (  73,    8)
          (  73,    8) (  73,    8) (  73,    8) (  73,    8) (  73,    8) (  73,    8) (  73,    8) (  73,    8) (  73,    8) (  73,    8)
          (  73,    8) (  73,    8) (  73,    8) (  73,    8) (  73,    8) (  73,    8) (  73,    8) (  73,    8) (  73,    8) (  73,    8)
          (  73,    8) (  73,    8) (  73,    8) (  73,    8) (  73,    8) (  73,    8) (  73,    8) (  73,    8) (  73,    8) (  73,    8)
          (  73,    8) (  73,    8) (  73,    8) (  73,    8) (  73,    8) (  73,    8) (  73,    8) (  73,    8) (  73,    8) (  73,    8)
          (  73,    8) (  73,    8) (  73,    8) (  73,    8) (  73,    8) (  73,    8) (  73,    8) (  73,    8) (  73,    8) (  73,    8)
          (  73,    8) (  73,    8) (  73,    8) (  73,    8) (  73,    8) (  73,    8) (  73,    8) (  73,    8) (  73,    8) (  73,    8)
          (  73,    8) (  73,    8) (  73,    8) (  73,    8) (  73,    8) (  73,    8) (  73,    8) (  73,    8) (  73,    8) (  73,    8)
          (  73,    8) (  73,    8) (  73,    8) (  73,    8) (  73,    8) (  73,    8) (  73,    8) (  73,    8) (  73,    8) (  73,    8)
          (  73,    8) (  73,    8) (  73,    8) (  73,    8) (  73,    8) (  73,    8) (  73,    8) (  73,    8) (  73,    8) (  73,    8)
          (  73,    8) (  73,    8) (  73,    8) (  73,    8) (  73,    8) (  73,    8) (  73,    8) (  73,    8) (  73,    8) (  73,    8)
          (  73,    8) (  73,    8) (  73,    8) (  73,    8) (  73,    8) (  73,    8) (  73,    8) (  73,    8) (  73,    8) (  73,    8)
          (  73,    8) (  73,    8) (  73,    8) (  73,    8) (  73,    8) (  73,    8) (  73,    8) (  73,    8) (  73,    8) (  73,    8)
          (  73,    8) (  73,    8) (  73,    8) (  73,    8) (  73,    8) (  73,    8) (  73,    8) (  73,    8) (  73,    8) (  73,    8)
          (  73,    8) (  73,    8) (  73,    8) (  73,    8) (  73,    8) (  73,    8) (  73,    8) (  73,    8) (  73,    8) (  73,    8)
          (  73,    8) (  73,    8) (  73,    8) (  73,    8) (  73,    8) (  73,    8) (  73,    8) (  73,    8) (  73,    8) (  73,    8)
          (  73,    8) (  73,    8) (  73,    8) (  73,    8) (  73,    8) (  73,    8) (  73,    8) (  73,    8) (  73,    8) (  73,    8)
          (  73,    8) (  73,    8) (  73,    8) (  73,    8) (  73,    8) (  73,    8) (  73,    8) (  73,    8) (  73,    8) (  73,    8)
          (  73,    8) (  73,    8) (  73,    8) (  73,    8) (  73,    8) (  73,    8) (  73,    8) (  73,    8) (  73,    8) (  73,    8)
          (  73,    8) (  73,    8) (  73,    8) (  73,    8) (  73,    8) (  73,    8) (  73,    8) (  73,    8) (  73,    8) (  73,    8)
          (  73,    8) (  73,    8) (  73,    8) (  73,    8) (  73,    8) (  73,    8) (  73,    8) (  73,    8) (  73,    8) (  73,    8)
          (  73,    8) (  73,    8) (  73,    8) (  73,    8) (  73,    8) (  73,    8) (  73,    8) (  73,    8) (  73,    8) (  73,    8)
          (  73,    8) (  73,    8) (  73,    8) (  73,    8) (  73,    8) (  73,    8) (  73,    8) (  73,    8) (  73,    8) (  73,    8)
          (  73,    8) (  73,    8) (  73,    8) (  73,    8) (  73,    8) (  73,    8) (  73,    8) (  73,    8) (  73,    8) (  73,    8)
          (  73,    8) (  73,    8) (  73,    8) (  73,    8) (  73,    8) (  73,    8) (  73,    8) (  73,    8) (  73,    8) (  73,    8)
          (  73,    8) (  73,    8) (  73,    8) (  73,    8) (  73,    8) (  73,    8) (  73,    8) (  73,    8) (  73,    8) (  73,    8)
          (  73,    8) (  73,    8) (  73,    8) (  73,    8) (  73,    8) (  73,    8) (  73,    8) (  73,    8) (  73,    8) (  73,    8)
          (  73,    8) (  73,    8) (  73,    8) (  73,    8) (  73,    8) (  73,    8) (  73,    8) (  73,    8) (  73,    8) (  73,    8)
          (  73,    8) (  73,    8) (  73,    8) (  73,    8) (  73,    8) (  73,    8) (  73,    8) (  73,    8) (  73,    8) (  73,    8)
          (  73,    8) (  73,    8) (  73,    8) (  73,    8) (  73,    8) (  73,    8) (  73,    8) (  73,    8) (  73,    8) (  73,    8)
          (  73,    8) (  73,    8) (  73,    8) (  73,    8) (  73,    8) (  73,    8) (  73,    8) (  73,    8) (  73,    8) (  73,    8)
          (  73,    8) (  73,    8) (  73,    8) (  73,    8) (  73,    8) (  73,    8) (  73,    8) (  73,    8) (  73,    8) (  73,    8)
          (  73,    8) (  73,    8) (  73,    8) (  73,    8) (  73,    8) (  73,    8) (  73,    8) (  73,    8) (  73,    8) (  73,    8)
          (  73,    8) (  73,    8) (  73,    8) (  73,    8) (  73,    8) (  73,    8) (  73,    8) (  73,    8) (  73,    8) (  73,    8)
          (  73,    8) (  73,    8) (  73,    8) (  73,    8) (  73,    8) (  73,    8) (  73,    8) (  73,    8) (  73,    8) (  73,    8)
          (  73,    8) (  73,    8) (  73,    8) (  73,    8) (  73,    8) (  73,    8) (  73,    8) (  73,    8) (  73,    8) (  73,    8)
          (  73,    8) (  73,    8) (  73,    8) (  73,    8) (  73,    8) (  73,    8) (  73,    8) (  73,    8) (  73,    8) (  73,    8)
          (  73,    8) (  73,    8) (  73,    8) (  73,    8) (  73,    8) (  73,    8) (  73,    8) (  73,    8) (  73,    8) (  73,    8)
          (  73,    8) (  73,    8) (  73,    8) (  73,    8) (  73,    8) (  73,    8) (  73,    8) (  73,    8) (  73,    8) (  73,    8)
          (  73,    8) (  73,    8) (  73,    8) (  73,    8) (  73,    8) (  73,    8) (  73,    8) (  73,    8) (  73,    8) (  73,    8)
          (  73,    8) (  73,    8) (  73,    8) (  73,    8) (  73,    8) (  73,    8) (  73,    8) (  73,    8) (  73,    8) (  73,    8)
          (  73,    8) (  73,    8) (  73,    8) (  73,    8) (  73,    8) (  73,    8) (  73,    8) (  73,    8) (  73,    8) (  73,    8)
          (  73,    8) (  73,    8) (  73,    8) (  73,    8) (  73,    8) (  73,    8) (  73,    8) (  73,    8) (  73,    8) (  73,    8)
          (  73,    8) (  73,    8) (  73,    8) (  73,    8) (  73,    8) (  73,    8) (  73,    8) (  73,    8) (  73,    8) (  73,    8)
          (  73,    8) (  73,    8) (  73,    8) (  73,    8) (  73,    8) (  73,    8) (  73,    8) (  73,    8) (  73,    8) (  73,    8)
          (  73,    8) (  73,    8) (  73,    8) (  73,    8) (  73,    8) (  73,    8) (  73,    8) (  73,    8) (  73,    8) (  73,    8)
          (  73,    8) (  73,    8) (  73,    8) (  73,    8) (  73,    8) (  73,    8) (  73,    8) (  73,    8) (  73,    8) (  73,    8)
          (  73,    8) (  73,    8) (  73,    8) (  73,    8) (  73,    8) (  73,    8) (  73,    8) (  73,    8) (  73,    8) (  73,    8)
          (  73,    8) (  73,    8) (  73,    8) (  73,    8) (  73,    8) (  73,    8) (  73,    8) (  73,    8) (  73,    8) (  73,    8)
          (  73,    8) (  73,    8) (  73,    8) (  73,    8) (  73,    8) (  73,    8) (  73,    8) (  73,    8) (  73,    8) (  73,    8)
          (  73,    8) (  73,    8) (  73,    8) (  73,    8) (  73,    8) (  73,    8) (  73,    8) (  73,    8) (  73,    8) (  73,    8)
          (  73,    8) (  73,    8) (  73,    8) (  73,    8) (  73,    8) (  73,    8) (  73,    8) (  73,    8) (  73,    8) (  73,    8)
         
node   1 sent_total  51658  recv_total   5676

node   2  (   1,    0) (   0,    0) (   1,    4) (   1,    5) (   1,    5) (   1,    7) (   1,    9) (   1,    9) (   1,    9) (   1,    9)
          (   1,    9) (   1,    9) (   1,    9) (   1,    9) (   1,    9) (   1,    9) (   1,    9) (   1,    9) (   1,    9) (   1,    9)
          (   1,    9) (   1,    9) (   1,    9) (   1,    9) (   1,    9) (   1,    9) (   1,    9) (   1,    9) (   1,    9) (   1,    9)
          (   1,    9) (   1,    9) (   1,    9) (   1,    9) (   1,    9) (   1,    9) (   1,    9) (   1,    9) (   1,    9) (   1,    9)
          (   1,    9) (   1,    9) (   1,    9) (   1,    9) (   1,    9) (   1,    9) (   1,    9) (   1,    9) (   1,    9) (   1,    9)
          (   1,    9) (   1,    9) (   1,    9) (   1,    9) (   1,    9) (   1,    9) (   1,    9) (   1,    9) (   1,    9) (   1,    9)
          (   1,    9) (   1,    9) (   1,    9) (   1,    9) (   1,    9) (   1,    9) (   1,    9) (   1,    9) (   1,    9) (   1,    9)
          (   1,    9) (   1,    9) (   1,    9) (   1,    9) (   1,    9) (   1,    9) (   1,    9) (   1,    9) (   1,    9) (   1,    9)
          (   1,    9) (   1,    9) (   1,    9) (   1,    9) (   1,    9) (   1,    9) (   1,    9) (   1,    9) (   1,    9) (   1,    9)
          (   1,    9) (   1,    9) (   1,    9) (   1,    9) (   1,    9) (   1,    9) (   1,    9) (   1,    9) (   1,    9) (   1,    9)
          (   1,    9) (   1,    9) (   1,    9) (   1,    8) (   1,    8) (   1,    8) (   1,    8) (   1,    8) (   1,    8) (   1,    8)
          (   1,    8) (   1,    8) (   1,    8) (   1,    8) (   1,    8) (   1,    8) (   1,    8) (   1,    8) (   1,    8) (   1,    8)
          (   1,    8) (   1,    8) (   1,    8) (   1,    8) (   1,    8) (   1,    8) (   1,    8) (   1,    8) (   1,    8) (   1,    8)
          (   1,    8) (   1,    8) (   1,    8) (   1,    8) (   1,    8) (   1,    8) (   1,    8) (   1,    8) (   1,    8) (   1,    8)
          (   1,    8) (   1,    8) (   1,    8) (   1,    8) (   1,    8) (   1,    8) (   1,    8) (   1,    8) (   1,    8) (   1,    8)
          (   1,    8) (   1,    8) (   1,    8) (   1,    8) (   1,    8) (   1,    8) (   1,    8) (   1,    8) (   1,    8) (   1,    8)
          (   1,    8) (   1,    8) (   1,    8) (   1,    8) (   1,    8) (   1,    8) (   1,    8) (   1,    8) (   1,    8) (   1,    8)
          (   1,    8) (   1,    8) (   1,    8) (   1,    8) (   1,    8) (   1,    8) (   1,    8) (   1,    8) (   1,    8) (   1,    8)
          (   1,    8) (   1,    8) (   1,    8) (   1,    8) (   1,    8) (   1,    8) (   1,    8) (   1,    8) (   1,    8) (   1,    8)
          (   1,    8) (   1,    8) (   1,    8) (   1,    8) (   1,    8) (   1,    8) (   1,    8) (   1,    8) (   1,    8) (   1,    8)
          (   1,    8) (   1,    8) (   1,    8) (   1,    8) (   1,    8) (   1,    8) (   1,    8) (   1,    8) (   1,    8) (   1,    8)
          (   1,    8) (   1,    8) (   1,    8) (   1,    8) (   1,    8) (   1,    8) (   1,    8) (   1,    8) (   1,    8) (   1,    8)
          (   1,    8) (   1,    8) (   1,    8) (   1,    8) (   1,    8) (   1,    8) (   1,    8) (   1,    8) (   1,    8) (   1,    8)
          (   1,    8) (   1,    8) (   1,    8) (   1,    8) (   1,    8) (   1,    8) (   1,    8) (   1,    8) (   1,    8) (   1,    8)
          (   1,    8) (   1,    8) (   1,    8) (   1,    8) (   1,    8) (   1,    8) (   1,    8) (   1,    8) (   1,    8) (   1,    8)
          (   1,    8) (   1,    8) (   1,    8) (   1,    8) (   1,    8) (   1,    8) (   1,    8) (   1,    8) (   1,    8) (   1,    8)
          (   1,    8) (   1,    8) (   1,    8) (   1,    8) (   1,    8) (   1,    8) (   1,    8) (   1,    8) (   1,    8) (   1,    8)
          (   1,    8) (   1,    8) (   1,    8) (   1,    8) (   1,    8) (   1,    8) (   1,    8) (   1,    8) (   1,    8) (   1,    8)
          (   1,    8) (   1,    8) (   1,    8) (   1,    8) (   1,    8) (   1,    8) (   1,    8) (   1,    8) (   1,    8) (   1,    8)
          (   1,    8) (   1,    8) (   1,    8) (   1,    8) (   1,    8) (   1,    8) (   1,    8) (   1,    8) (   1,    8) (   1,    8)
          (   1,    8) (   1,    8) (   1,    8) (   1,    8) (   1,    8) (   1,    8) (   1,    8) (   1,    8) (   1,    8) (   1,    8)
          (   1,    8) (   1,    8) (   1,    8) (   1,    8) (   1,    8) (   1,    8) (   1,    8) (   1,    8) (   1,    8) (   1,    8)
          (   1,    8) (   1,    8) (   1,    8) (   1,    8) (   1,    8) (   1,    8) (   1,    8) (   1,    8) (   1,    8) (   1,    8)
          (   1,    8) (   1,    8) (   1,    8) (   1,    8) (   1,    8) (   1,    8) (   1,    8) (   1,    8) (   1,    8) (   1,    8)
          (   1,    8) (   1,    8) (   1,    8) (   1,    8) (   1,    8) (   1,    8) (   1,    8) (   1,    8) (   1,    8) (   1,    8)
          (   1,    8) (   1,    8) (   1,    8) (   1,    8) (   1,    8) (   1,    8) (   1,    8) (   1,    8) (   1,    8) (   1,    8)
          (   1,    8) (   1,    8) (   1,    8) (   1,    8) (   1,    8) (   1,    8) (   1,    8) (   1,    8) (   1,    8) (   1,    8)
          (   1,    8) (   1,    8) (   1,    8) (   1,    8) (   1,    8) (   1,    8) (   1,    8) (   1,    8) (   1,    8) (   1,    8)
          (   1,    8) (   1,    8) (   1,    8) (   1,    8) (   1,    8) (   1,    8) (   1,    8) (   1,    8) (   1,    8) (   1,    8)
          (   1,    8) (   1,    8) (   1,    8) (   1,    8) (   1,    8) (   1,    8) (   1,    8) (   1,    8) (   1,    8) (   1,    8)
          (   1,    8) (   1,    8) (   1,    8) (   1,    8) (   1,    8) (   1,    8) (   1,    8) (   1,    8) (   1,    8) (   1,    8)
          (   1,    8) (   1,    8) (   1,    8) (   1,    8) (   1,    8) (   1,    8) (   1,    8) (   1,    8) (   1,    8) (   1,    8)
          (   1,    8) (   1,    8) (   1,    8) (   1,    8) (   1,    8) (   1,    8) (   1,    8) (   1,    8) (   1,    8) (   1,    8)
          (   1,    8) (   1,    8) (   1,    8) (   1,    8) (   1,    8) (   1,    8) (   1,    8) (   1,    8) (   1,    8) (   1,    8)
          (   1,    8) (   1,    8) (   1,    8) (   1,    8) (   1,    8) (   1,    8) (   1,    8) (   1,    8) (   1,    8) (   1,    8)
          (   1,    8) (   1,    8) (   1,    8) (   1,    8) (   1,    8) (   1,    8) (   1,    8) (   1,    8) (   1,    8) (   1,    8)
          (   1,    8) (   1,    8) (   1,    8) (   1,    8) (   1,    8) (   1,    8) (   1,    8) (   1,    8) (   1,    8) (   1,    8)
          (   1,    8) (   1,    8) (   1,    8) (   1,    8) (   1,    8) (   1,    8) (   1,    8) (   1,    8) (   1,    8) (   1,    8)
          (   1,    8) (   1,    8) (   1,    8) (   1,    8) (   1,    8) (   1,    8) (   1,    8) (   1,    8) (   1,    8) (   1,    8)
          (   1,    8) (   1,    8) (   1,    8) (   1,    8) (   1,    8) (   1,    8) (   1,    8) (   1,    8) (   1,    8) (   1,    8)
          (   1,    8) (   1,    8) (   1,    8) (   1,    8) (   1,    8) (   1,    8) (   1,    8) (   1,    8) (   1,    8) (   1,    8)
          (   1,    8) (   1,    8) (   1,    8) (   1,    8) (   1,    8) (   1,    8) (   1,    8) (   1,    8) (   1,    8) (   1,    8)
          (   1,    8) (   1,    8) (   1,    8) (   1,    8) (   1,    8) (   1,    8) (   1,    8) (   1,    8) (   1,    8) (   1,    8)
          (   1,    8) (   1,    8) (   1,    8) (   1,    8) (   1,    8) (   1,    8) (   1,    8) (   1,    8) (   1,    8) (   1,    8)
          (   1,    8) (   1,    8) (   1,    8) (   1,    8) (   1,    8) (   1,    8) (   1,    8) (   1,    8) (   1,    8) (   1,    8)
          (   1,    8) (   1,    8) (   1,    8) (   1,    8) (   1,    8) (   1,    8) (   1,    8) (   1,    8) (   1,    8) (   1,    8)
          (   1,    8) (   1,    8) (   1,    8) (   1,    8) (   1,    8) (   1,    8) (   1,    8) (   1,    8) (   1,    8) (   1,    8)
          (   1,    8) (   1,    8) (   1,    8) (   1,    8) (   1,    8) (   1,    8) (   1,    8) (   1,    8) (   1,    8) (   1,    8)
          (   1,    8) (   1,    8) (   1,    8) (   1,    8) (   1,    8) (   1,    8) (   1,    8) (   1,    8) (   1,    8) (   1,    8)
          (   1,    8) (   1,    8) (   1,    8) (   1,    8) (   1,    8) (   1,    8) (   1,    8) (   1,    8) (   1,    8) (   1,    8)
          (   1,    8) (   1,    8) (   1,    8) (   1,    8) (   1,    8) (   1,    8) (   1,    8) (   1,    8) (   1,    8) (   1,    8)
          (   1,    8) (   1,    8) (   1,    8) (   1,    8) (   1,    8) (   1,    8) (   1,    8) (   1,    8) (   1,    8) (   1,    8)
          (   1,    8) (   1,    8) (   1,    8) (   1,    8) (   1,    8) (   1,    8) (   1,    8) (   1,    8) (   1,    8) (   1,    8)
          (   1,    8) (   1,    8) (   1,    8) (   1,    8) (   1,    8) (   1,    8) (   1,    8) (   1,    8) (   1,    8) (   1,    8)
          (   1,    8) (   1,    8) (   1,    8) (   1,    8) (   1,    8) (   1,    8) (   1,    8) (   1,    8) (   1,    8) (   1,    8)
          (   1,    8) (   1,    8) (   1,    8) (   1,    8) (   1,    8) (   1,    8) (   1,    8) (   1,    8) (   1,    8) (   1,    8)
          (   1,    8) (   1,    8) (   1,    8) (   1,    8) (   1,    8) (   1,    8) (   1,    8) (   1,    8) (   1,    8) (   1,    8)
          (   1,    8) (   1,    8) (   1,    8) (   1,    8) (   1,    8) (   1,    8) (   1,    8) (   1,    8) (   1,    8) (   1,    8)
          (   1,    8) (   1,    8) (   1,    8) (   1,    8) (   1,    8) (   1,    8) (   1,    8) (   1,    8) (   1,    8) (   1,    8)
          (   1,    8) (   1,    8) (   1,    8) (   1,    8) (   1,    8) (   1,    8) (   1,    8) (   1,    8) (   1,    8) (   1,    8)
         
node   2 sent_total    699  recv_total   5670

node   3  (   1,    0) (   0,    0) (   1,    3) (   1,    5) (   1,    5) (   1,    7) (   1,    9) (   1,    9) (   1,    9) (   1,    9)
          (   1,    9) (   1,    9) (   1,    9) (   1,    9) (   1,    9) (   1,    9) (   1,    9) (   1,    9) (   1,    9) (   1,    9)
          (   1,    9) (   1,    9) (   1,    9) (   1,    9) (   1,    9) (   1,    9) (   1,    9) (   1,    9) (   1,    9) (   1,    9)
          (   1,    9) (   1,    9) (   1,    9) (   1,    9) (   1,    9) (   1,    9) (   1,    9) (   1,    9) (   1,    9) (   1,    9)
          (   1,    9) (   1,    9) (   1,    9) (   1,    9) (   1,    9) (   1,    9) (   1,    9) (   1,    9) (   1,    9) (   1,    9)
          (   1,    9) (   1,    9) (   1,    9) (   1,    9) (   1,    9) (   1,    9) (   1,    9) (   1,    9) (   1,    9) (   1,    9)
          (   1,    9) (   1,    9) (   1,    9) (   1,    9) (   1,    9) (   1,    9) (   1,    9) (   1,    9) (   1,    9) (   1,    9)
          (   1,    9) (   1,    9) (   1,    9) (   1,    9) (   1,    9) (   1,    9) (   1,    9) (   1,    9) (   1,    9) (   1,    9)
          (   1,    9) (   1,    9) (   1,    9) (   1,    9) (   1,    9) (   1,    9) (   1,    9) (   1,    9) (   1,    9) (   1,    9)
          (   1,    9) (   1,    9) (   1,    9) (   1,    9) (   1,    9) (   1,    9) (   1,    9) (   1,    9) (   1,    9) (   1,    9)
          (   1,    9) (   1,    9) (   1,    9) (   1,    8) (   1,    8) (   1,    8) (   1,    8) (   1,    8) (   1,    8) (   1,    8)
          (   1,    8) (   1,    8) (   1,    8) (   1,    8) (   1,    8) (   1,    8) (   1,    8) (   1,    8) (   1,    8) (   1,    8)
          (   1,    8) (   1,    8) (   1,    8) (   1,    8) (   1,    8) (   1,    8) (   1,    8) (   1,    8) (   1,    8) (   1,    8)
          (   1,    8) (   1,    8) (   1,    8) (   1,    8) (   1,    8) (   1,    8) (   1,    8) (   1,    8) (   1,    8) (   1,    8)
          (   1,    8) (   1,    8) (   1,    8) (   1,    8) (   1,    8) (   1,    8) (   1,    8) (   1,    8) (   1,    8) (   1,    8)
          (   1,    8) (   1,    8) (   1,    8) (   1,    8) (   1,    8) (   1,    8) (   1,    8) (   1,    8) (   1,    8) (   1,    8)
          (   1,    8) (   1,    8) (   1,    8) (   1,    8) (   1,    8) (   1,    8) (   1,    8) (   1,    8) (   1,    8) (   1,    8)
          (   1,    8) (   1,    8) (   1,    8) (   1,    8) (   1,    8) (   1,    8) (   1,    8) (   1,    8) (   1,    8) (   1,    8)
          (   1,    8) (   1,    8) (   1,    8) (   1,    8) (   1,    8) (   1,    8) (   1,    8) (   1,    8) (   1,    8) (   1,    8)
          (   1,    8) (   1,    8) (   1,    8) (   1,    8) (   1,    8) (   1,    8) (   1,    8) (   1,    8) (   1,    8) (   1,    8)
          (   1,    8) (   1,    8) (   1,    8) (   1,    8) (   1,    8) (   1,    8) (   1,    8) (   1,    8) (   1,    8) (   1,    8)
          (   1,    8) (   1,    8) (   1,    8) (   1,    8) (   1,    8) (   1,    8) (   1,    8) (   1,    8) (   1,    8) (   1,    8)
          (   1,    8) (   1,    8) (   1,    8) (   1,    8) (   1,    8) (   1,    8) (   1,    8) (   1,    8) (   1,    8) (   1,    8)
          (   1,    8) (   1,    8) (   1,    8) (   1,    8) (   1,    8) (   1,    8) (   1,    8) (   1,    8) (   1,    8) (   1,    8)
          (   1,    8) (   1,    8) (   1,    8) (   1,    8) (   1,    8) (   1,    8) (   1,    8) (   1,    8) (   1,    8) (   1,    8)
          (   1,    8) (   1,    8) (   1,    8) (   1,    8) (   1,    8) (   1,    8) (   1,    8) (   1,    8) (   1,    8) (   1,    8)
          (   1,    8) (   1,    8) (   1,    8) (   1,    8) (   1,    8) (   1,    8) (   1,    8) (   1,    8) (   1,    8) (   1,    8)
          (   1,    8) (   1,    8) (   1,    8) (   1,    8) (   1,    8) (   1,    8) (   1,    8) (   1,    8) (   1,    8) (   1,    8)
          (   1,    8) (   1,    8) (   1,    8) (   1,    8) (   1,    8) (   1,    8) (   1,    8) (   1,    8) (   1,    8) (   1,    8)
          (   1,    8) (   1,    8) (   1,    8) (   1,    8) (   1,    8) (   1,    8) (   1,    8) (   1,    8) (   1,    8) (   1,    8)
          (   1,    8) (   1,    8) (   1,    8) (   1,    8) (   1,    8) (   1,    8) (   1,    8) (   1,    8) (   1,    8) (   1,    8)
          (   1,    8) (   1,    8) (   1,    8) (   1,    8) (   1,    8) (   1,    8) (   1,    8) (   1,    8) (   1,    8) (   1,    8)
          (   1,    8) (   1,    8) (   1,    8) (   1,    8) (   1,    8) (   1,    8) (   1,    8) (   1,    8) (   1,    8) (   1,    8)
          (   1,    8) (   1,    8) (   1,    8) (   1,    8) (   1,    8) (   1,    8) (   1,    8) (   1,    8) (   1,    8) (   1,    8)
          (   1,    8) (   1,    8) (   1,    8) (   1,    8) (   1,    8) (   1,    8) (   1,    8) (   1,    8) (   1,    8) (   1,    8)
          (   1,    8) (   1,    8) (   1,    8) (   1,    8) (   1,    8) (   1,    8) (   1,    8) (   1,    8) (   1,    8) (   1,    8)
          (   1,    8) (   1,    8) (   1,    8) (   1,    8) (   1,    8) (   1,    8) (   1,    8) (   1,    8) (   1,    8) (   1,    8)
          (   1,    8) (   1,    8) (   1,    8) (   1,    8) (   1,    8) (   1,    8) (   1,    8) (   1,    8) (   1,    8) (   1,    8)
          (   1,    8) (   1,    8) (   1,    8) (   1,    8) (   1,    8) (   1,    8) (   1,    8) (   1,    8) (   1,    8) (   1,    8)
          (   1,    8) (   1,    8) (   1,    8) (   1,    8) (   1,    8) (   1,    8) (   1,    8) (   1,    8) (   1,    8) (   1,    8)
          (   1,    8) (   1,    8) (   1,    8) (   1,    8) (   1,    8) (   1,    8) (   1,    8) (   1,    8) (   1,    8) (   1,    8)
          (   1,    8) (   1,    8) (   1,    8) (   1,    8) (   1,    8) (   1,    8) (   1,    8) (   1,    8) (   1,    8) (   1,    8)
          (   1,    8) (   1,    8) (   1,    8) (   1,    8) (   1,    8) (   1,    8) (   1,    8) (   1,    8) (   1,    8) (   1,    8)
          (   1,    8) (   1,    8) (   1,    8) (   1,    8) (   1,    8) (   1,    8) (   1,    8) (   1,    8) (   1,    8) (   1,    8)
          (   1,    8) (   1,    8) (   1,    8) (   1,    8) (   1,    8) (   1,    8) (   1,    8) (   1,    8) (   1,    8) (   1,    8)
          (   1,    8) (   1,    8) (   1,    8) (   1,    8) (   1,    8) (   1,    8) (   1,    8) (   1,    8) (   1,    8) (   1,    8)
          (   1,    8) (   1,    8) (   1,    8) (   1,    8) (   1,    8) (   1,    8) (   1,    8) (   1,    8) (   1,    8) (   1,    8)
          (   1,    8) (   1,    8) (   1,    8) (   1,    8) (   1,    8) (   1,    8) (   1,    8) (   1,    8) (   1,    8) (   1,    8)
          (   1,    8) (   1,    8) (   1,    8) (   1,    8) (   1,    8) (   1,    8) (   1,    8) (   1,    8) (   1,    8) (   1,    8)
          (   1,    8) (   1,    8) (   1,    8) (   1,    8) (   1,    8) (   1,    8) (   1,    8) (   1,    8) (   1,    8) (   1,    8)
          (   1,    8) (   1,    8) (   1,    8) (   1,    8) (   1,    8) (   1,    8) (   1,    8) (   1,    8) (   1,    8) (   1,    8)
          (   1,    8) (   1,    8) (   1,    8) (   1,    8) (   1,    8) (   1,    8) (   1,    8) (   1,    8) (   1,    8) (   1,    8)
          (   1,    8) (   1,    8) (   1,    8) (   1,    8) (   1,    8) (   1,    8) (   1,    8) (   1,    8) (   1,    8) (   1,    8)
          (   1,    8) (   1,    8) (   1,    8) (   1,    8) (   1,    8) (   1,    8) (   1,    8) (   1,    8) (   1,    8) (   1,    8)
          (   1,    8) (   1,    8) (   1,    8) (   1,    8) (   1,    8) (   1,    8) (   1,    8) (   1,    8) (   1,    8) (   1,    8)
          (   1,    8) (   1,    8) (   1,    8) (   1,    8) (   1,    8) (   1,    8) (   1,    8) (   1,    8) (   1,    8) (   1,    8)
          (   1,    8) (   1,    8) (   1,    8) (   1,    8) (   1,    8) (   1,    8) (   1,    8) (   1,    8) (   1,    8) (   1,    8)
          (   1,    8) (   1,    8) (   1,    8) (   1,    8) (   1,    8) (   1,    8) (   1,    8) (   1,    8) (   1,    8) (   1,    8)
          (   1,    8) (   1,    8) (   1,    8) (   1,    8) (   1,    8) (   1,    8) (   1,    8) (   1,    8) (   1,    8) (   1,    8)
          (   1,    8) (   1,    8) (   1,    8) (   1,    8) (   1,    8) (   1,    8) (   1,    8) (   1,    8) (   1,    8) (   1,    8)
          (   1,    8) (   1,    8) (   1,    8) (   1,    8) (   1,    8) (   1,    8) (   1,    8) (   1,    8) (   1,    8) (   1,    8)
          (   1,    8) (   1,    8) (   1,    8) (   1,    8) (   1,    8) (   1,    8) (   1,    8) (   1,    8) (   1,    8) (   1,    8)
          (   1,    8) (   1,    8) (   1,    8) (   1,    8) (   1,    8) (   1,    8) (   1,    8) (   1,    8) (   1,    8) (   1,    8)
          (   1,    8) (   1,    8) (   1,    8) (   1,    8) (   1,    8) (   1,    8) (   1,    8) (   1,    8) (   1,    8) (   1,    8)
          (   1,    8) (   1,    8) (   1,    8) (   1,    8) (   1,    8) (   1,    8) (   1,    8) (   1,    8) (   1,    8) (   1,    8)
          (   1,    8) (   1,    8) (   1,    8) (   1,    8) (   1,    8) (   1,    8) (   1,    8) (   1,    8) (   1,    8) (   1,    8)
          (   1,    8) (   1,    8) (   1,    8) (   1,    8) (   1,    8) (   1,    8) (   1,    8) (   1,    8) (   1,    8) (   1,    8)
          (   1,    8) (   1,    8) (   1,    8) (   1,    8) (   1,    8) (   1,    8) (   1,    8) (   1,    8) (   1,    8) (   1,    8)
          (   1,    8) (   1,    8) (   1,    8) (   1,    8) (   1,    8) (   1,    8) (   1,    8) (   1,    8) (   1,    8) (   1,    8)
          (   1,    8) (   1,    8) (   1,    8) (   1,    8) (   1,    8) (   1,    8) (   1,    8) (   1,    8) (   1,    8) (   1,    8)
         
node   3 sent_total    699  recv_total   5669

node   4  (   1,    0) (   0,    0) (   1,    2) (   1,    5) (   1,    5) (   1,    7) (   1,    9) (   1,    9) (   1,    9) (   1,    9)
          (   1,    9) (   1,    9) (   1,    9) (   1,    9) (   1,    9) (   1,    9) (   1,    9) (   1,    9) (   1,    9) (   1,    9)
          (   1,    9) (   1,    9) (   1,    9) (   1,    9) (   1,    9) (   1,    9) (   1,    9) (   1,    9) (   1,    9) (   1,    9)
          (   1,    9) (   1,    9) (   1,    9) (   1,    9) (   1,    9) (   1,    9) (   1,    9) (   1,    9) (   1,    9) (   1,    9)
          (   1,    9) (   1,    9) (   1,    9) (   1,    9) (   1,    9) (   1,    9) (   1,    9) (   1,    9) (   1,    9) (   1,    9)
          (   1,    9) (   1,    9) (   1,    9) (   1,    9) (   1,    9) (   1,    9) (   1,    9) (   1,    9) (   1,    9) (   1,    9)
          (   1,    9) (   1,    9) (   1,    9) (   1,    9) (   1,    9) (   1,    9) (   1,    9) (   1,    9) (   1,    9) (   1,    9)
          (   1,    9) (   1,    9) (   1,    9) (   1,    9) (   1,    9) (   1,    9) (   1,    9) (   1,    9) (   1,    9) (   1,    9)
          (   1,    9) (   1,    9) (   1,    9) (   1,    9) (   1,    9) (   1,    9) (   1,    9) (   1,    9) (   1,    9) (   1,    9)
          (   1,    9) (   1,    9) (   1,    9) (   1,    9) (   1,    9) (   1,    9) (   1,    9) (   1,    9) (   1,    9) (   1,    9)
          (   1,    9) (   1,    9) (   1,    9) (   1,    8) (   1,    8) (   1,    8) (   1,    8) (   1,    8) (   1,    8) (   1,    8)
          (   1,    8) (   1,    8) (   1,    8) (   1,    8) (   1,    8) (   1,    8) (   1,    8) (   1,    8) (   1,    8) (   1,    8)
          (   1,    8) (   1,    8) (   1,    8) (   1,    8) (   1,    8) (   1,    8) (   1,    8) (   1,    8) (   1,    8) (   1,    8)
          (   1,    8) (   1,    8) (   1,    8) (   1,    8) (   1,    8) (   1,    8) (   1,    8) (   1,    8) (   1,    8) (   1,    8)
          (   1,    8) (   1,    8) (   1,    8) (   1,    8) (   1,    8) (   1,    8) (   1,    8) (   1,    8) (   1,    8) (   1,    8)
          (   1,    8) (   1,    8) (   1,    8) (   1,    8) (   1,    8) (   1,    8) (   1,    8) (   1,    8) (   1,    8) (   1,    8)
          (   1,    8) (   1,    8) (   1,    8) (   1,    8) (   1,    8) (   1,    8) (   1,    8) (   1,    8) (   1,    8) (   1,    8)
          (   1,    8) (   1,    8) (   1,    8) (   1,    8) (   1,    8) (   1,    8) (   1,    8) (   1,    8) (   1,    8) (   1,    8)
          (   1,    8) (   1,    8) (   1,    8) (   1,    8) (   1,    8) (   1,    8) (   1,    8) (   1,    8) (   1,    8) (   1,    8)
          (   1,    8) (   1,    8) (   1,    8) (   1,    8) (   1,    8) (   1,    8) (   1,    8) (   1,    8) (   1,    8) (   1,    8)
          (   1,    8) (   1,    8) (   1,    8) (   1,    8) (   1,    8) (   1,    8) (   1,    8) (   1,    8) (   1,    8) (   1,    8)
          (   1,    8) (   1,    8) (   1,    8) (   1,    8) (   1,    8) (   1,    8) (   1,    8) (   1,    8) (   1,    8) (   1,    8)
          (   1,    8) (   1,    8) (   1,    8) (   1,    8) (   1,    8) (   1,    8) (   1,    8) (   1,    8) (   1,    8) (   1,    8)
          (   1,    8) (   1,    8) (   1,    8) (   1,    8) (   1,    8) (   1,    8) (   1,    8) (   1,    8) (   1,    8) (   1,    8)
          (   1,    8) (   1,    8) (   1,    8) (   1,    8) (   1,    8) (   1,    8) (   1,    8) (   1,    8) (   1,    8) (   1,    8)
          (   1,    8) (   1,    8) (   1,    8) (   1,    8) (   1,    8) (   1,    8) (   1,    8) (   1,    8) (   1,    8) (   1,    8)
          (   1,    8) (   1,    8) (   1,    8) (   1,    8) (   1,    8) (   1,    8) (   1,    8) (   1,    8) (   1,    8) (   1,    8)
          (   1,    8) (   1,    8) (   1,    8) (   1,    8) (   1,    8) (   1,    8) (   1,    8) (   1,    8) (   1,    8) (   1,    8)
          (   1,    8) (   1,    8) (   1,    8) (   1,    8) (   1,    8) (   1,    8) (   1,    8) (   1,    8) (   1,    8) (   1,    8)
          (   1,    8) (   1,    8) (   1,    8) (   1,    8) (   1,    8) (   1,    8) (   1,    8) (   1,    8) (   1,    8) (   1,    8)
          (   1,    8) (   1,    8) (   1,    8) (   1,    8) (   1,    8) (   1,    8) (   1,    8) (   1,    8) (   1,    8) (   1,    8)
          (   1,    8) (   1,    8) (   1,    8) (   1,    8) (   1,    8) (   1,    8) (   1,    8) (   1,    8) (   1,    8) (   1,    8)
          (   1,    8) (   1,    8) (   1,    8) (   1,    8) (   1,    8) (   1,    8) (   1,    8) (   1,    8) (   1,    8) (   1,    8)
          (   1,    8) (   1,    8) (   1,    8) (   1,    8) (   1,    8) (   1,    8) (   1,    8) (   1,    8) (   1,    8) (   1,    8)
          (   1,    8) (   1,    8) (   1,    8) (   1,    8) (   1,    8) (   1,    8) (   1,    8) (   1,    8) (   1,    8) (   1,    8)
          (   1,    8) (   1,    8) (   1,    8) (   1,    8) (   1,    8) (   1,    8) (   1,    8) (   1,    8) (   1,    8) (   1,    8)
          (   1,    8) (   1,    8) (   1,    8) (   1,    8) (   1,    8) (   1,    8) (   1,    8) (   1,    8) (   1,    8) (   1,    8)
          (   1,    8) (   1,    8) (   1,    8) (   1,    8) (   1,    8) (   1,    8) (   1,    8) (   1,    8) (   1,    8) (   1,    8)
          (   1,    8) (   1,    8) (   1,    8) (   1,    8) (   1,    8) (   1,    8) (   1,    8) (   1,    8) (   1,    8) (   1,    8)
          (   1,    8) (   1,    8) (   1,    8) (   1,    8) (   1,    8) (   1,    8) (   1,    8) (   1,    8) (   1,    8) (   1,    8)
          (   1,    8) (   1,    8) (   1,    8) (   1,    8) (   1,    8) (   1,    8) (   1,    8) (   1,    8) (   1,    8) (   1,    8)
          (   1,    8) (   1,    8) (   1,    8) (   1,    8) (   1,    8) (   1,    8) (   1,    8) (   1,    8) (   1,    8) (   1,    8)
          (   1,    8) (   1,    8) (   1,    8) (   1,    8) (   1,    8) (   1,    8) (   1,    8) (   1,    8) (   1,    8) (   1,    8)
          (   1,    8) (   1,    8) (   1,    8) (   1,    8) (   1,    8) (   1,    8) (   1,    8) (   1,    8) (   1,    8) (   1,    8)
          (   1,    8) (   1,    8) (   1,    8) (   1,    8) (   1,    8) (   1,    8) (   1,    8) (   1,    8) (   1,    8) (   1,    8)
          (   1,    8) (   1,    8) (   1,    8) (   1,    8) (   1,    8) (   1,    8) (   1,    8) (   1,    8) (   1,    8) (   1,    8)
          (   1,    8) (   1,    8) (   1,    8) (   1,    8) (   1,    8) (   1,    8) (   1,    8) (   1,    8) (   1,    8) (   1,    8)
          (   1,    8) (   1,    8) (   1,    8) (   1,    8) (   1,    8) (   1,    8) (   1,    8) (   1,    8) (   1,    8) (   1,    8)
          (   1,    8) (   1,    8) (   1,    8) (   1,    8) (   1,    8) (   1,    8) (   1,    8) (   1,    8) (   1,    8) (   1,    8)
          (   1,    8) (   1,    8) (   1,    8) (   1,    8) (   1,    8) (   1,    8) (   1,    8) (   1,    8) (   1,    8) (   1,    8)
          (   1,    8) (   1,    8) (   1,    8) (   1,    8) (   1,    8) (   1,    8) (   1,    8) (   1,    8) (   1,    8) (   1,    8)
          (   1,    8) (   1,    8) (   1,    8) (   1,    8) (   1,    8) (   1,    8) (   1,    8) (   1,    8) (   1,    8) (   1,    8)
          (   1,    8) (   1,    8) (   1,    8) (   1,    8) (   1,    8) (   1,    8) (   1,    8) (   1,    8) (   1,    8) (   1,    8)
          (   1,    8) (   1,    8) (   1,    8) (   1,    8) (   1,    8) (   1,    8) (   1,    8) (   1,    8) (   1,    8) (   1,    8)
          (   1,    8) (   1,    8) (   1,    8) (   1,    8) (   1,    8) (   1,    8) (   1,    8) (   1,    8) (   1,    8) (   1,    8)
          (   1,    8) (   1,    8) (   1,    8) (   1,    8) (   1,    8) (   1,    8) (   1,    8) (   1,    8) (   1,    8) (   1,    8)
          (   1,    8) (   1,    8) (   1,    8) (   1,    8) (   1,    8) (   1,    8) (   1,    8) (   1,    8) (   1,    8) (   1,    8)
          (   1,    8) (   1,    8) (   1,    8) (   1,    8) (   1,    8) (   1,    8) (   1,    8) (   1,    8) (   1,    8) (   1,    8)
          (   1,    8) (   1,    8) (   1,    8) (   1,    8) (   1,    8) (   1,    8) (   1,    8) (   1,    8) (   1,    8) (   1,    8)
          (   1,    8) (   1,    8) (   1,    8) (   1,    8) (   1,    8) (   1,    8) (   1,    8) (   1,    8) (   1,    8) (   1,    8)
          (   1,    8) (   1,    8) (   1,    8) (   1,    8) (   1,    8) (   1,    8) (   1,    8) (   1,    8) (   1,    8) (   1,    8)
          (   1,    8) (   1,    8) (   1,    8) (   1,    8) (   1,    8) (   1,    8) (   1,    8) (   1,    8) (   1,    8) (   1,    8)
          (   1,    8) (   1,    8) (   1,    8) (   1,    8) (   1,    8) (   1,    8) (   1,    8) (   1,    8) (   1,    8) (   1,    8)
          (   1,    8) (   1,    8) (   1,    8) (   1,    8) (   1,    8) (   1,    8) (   1,    8) (   1,    8) (   1,    8) (   1,    8)
          (   1,    8) (   1,    8) (   1,    8) (   1,    8) (   1,    8) (   1,    8) (   1,    8) (   1,    8) (   1,    8) (   1,    8)
          (   1,    8) (   1,    8) (   1,    8) (   1,    8) (   1,    8) (   1,    8) (   1,    8) (   1,    8) (   1,    8) (   1,    8)
          (   1,    8) (   1,    8) (   1,    8) (   1,    8) (   1,    8) (   1,    8) (   1,    8) (   1,    8) (   1,    8) (   1,    8)
          (   1,    8) (   1,    8) (   1,    8) (   1,    8) (   1,    8) (   1,    8) (   1,    8) (   1,    8) (   1,    8) (   1,    8)
          (   1,    8) (   1,    8) (   1,    8) (   1,    8) (   1,    8) (   1,    8) (   1,    8) (   1,    8) (   1,    8) (   1,    8)
          (   1,    8) (   1,    8) (   1,    8) (   1,    8) (   1,    8) (   1,    8) (   1,    8) (   1,    8) (   1,    8) (   1,    8)
         
node   4 sent_total    699  recv_total   5668

node   5  (   0,    0) (   1,    0) (   0,    0) (   1,    5) (   1,    6) (   1,    7) (   1,    9) (   1,    9) (   1,    9) (   1,    9)
          (   1,    9) (   1,    9) (   1,    9) (   1,    9) (   1,    9) (   1,    9) (   1,    9) (   1,    9) (   1,    9) (   1,    9)
          (   1,    9) (   1,    9) (   1,    9) (   1,    9) (   1,    9) (   1,    9) (   1,    9) (   1,    9) (   1,    9) (   1,    9)
          (   1,    9) (   1,    9) (   1,    9) (   1,    9) (   1,    9) (   1,    9) (   1,    9) (   1,    9) (   1,    9) (   1,    9)
          (   1,    9) (   1,    9) (   1,    9) (   1,    9) (   1,    9) (   1,    9) (   1,    9) (   1,    9) (   1,    9) (   1,    9)
          (   1,    9) (   1,    9) (   1,    9) (   1,    9) (   1,    9) (   1,    9) (   1,    9) (   1,    9) (   1,    9) (   1,    9)
          (   1,    9) (   1,    9) (   1,    9) (   1,    9) (   1,    9) (   1,    9) (   1,    9) (   1,    9) (   1,    9) (   1,    9)
          (   1,    9) (   1,    9) (   1,    9) (   1,    9) (   1,    9) (   1,    9) (   1,    9) (   1,    9) (   1,    9) (   1,    9)
          (   1,    9) (   1,    9) (   1,    9) (   1,    9) (   1,    9) (   1,    9) (   1,    9) (   1,    9) (   1,    9) (   1,    9)
          (   1,    9) (   1,    9) (   1,    9) (   1,    9) (   1,    9) (   1,    9) (   1,    9) (   1,    9) (   1,    9) (   1,    9)
          (   1,    9) (   1,    9) (   1,    9) (   1,    8) (   1,    8) (   1,    8) (   1,    8) (   1,    8) (   1,    8) (   1,    8)
          (   1,    8) (   1,    8) (   1,    8) (   1,    8) (   1,    8) (   1,    8) (   1,    8) (   1,    8) (   1,    8) (   1,    8)
          (   1,    8) (   1,    8) (   1,    8) (   1,    8) (   1,    8) (   1,    8) (   1,    8) (   1,    8) (   1,    8) (   1,    8)
          (   1,    8) (   1,    8) (   1,    8) (   1,    8) (   1,    8) (   1,    8) (   1,    8) (   1,    8) (   1,    8) (   1,    8)
          (   1,    8) (   1,    8) (   1,    8) (   1,    8) (   1,    8) (   1,    8) (   1,    8) (   1,    8) (   1,    8) (   1,    8)
          (   1,    8) (   1,    8) (   1,    8) (   1,    8) (   1,    8) (   1,    8) (   1,    8) (   1,    8) (   1,    8) (   1,    8)
          (   1,    8) (   1,    8) (   1,    8) (   1,    8) (   1,    8) (   1,    8) (   1,    8) (   1,    8) (   1,    8) (   1,    8)
          (   1,    8) (   1,    8) (   1,    8) (   1,    8) (   1,    8) (   1,    8) (   1,    8) (   1,    8) (   1,    8) (   1,    8)
          (   1,    8) (   1,    8) (   1,    8) (   1,    8) (   1,    8) (   1,    8) (   1,    8) (   1,    8) (   1,    8) (   1,    8)
          (   1,    8) (   1,    8) (   1,    8) (   1,    8) (   1,    8) (   1,    8) (   1,    8) (   1,    8) (   1,    8) (   1,    8)
          (   1,    8) (   1,    8) (   1,    8) (   1,    8) (   1,    8) (   1,    8) (   1,    8) (   1,    8) (   1,    8) (   1,    8)
          (   1,    8) (   1,    8) (   1,    8) (   1,    8) (   1,    8) (   1,    8) (   1,    8) (   1,    8) (   1,    8) (   1,    8)
          (   1,    8) (   1,    8) (   1,    8) (   1,    8) (   1,    8) (   1,    8) (   1,    8) (   1,    8) (   1,    8) (   1,    8)
          (   1,    8) (   1,    8) (   1,    8) (   1,    8) (   1,    8) (   1,    8) (   1,    8) (   1,    8) (   1,    8) (   1,    8)
          (   1,    8) (   1,    8) (   1,    8) (   1,    8) (   1,    8) (   1,    8) (   1,    8) (   1,    8) (   1,    8) (   1,    8)
          (   1,    8) (   1,    8) (   1,    8) (   1,    8) (   1,    8) (   1,    8) (   1,    8) (   1,    8) (   1,    8) (   1,    8)
          (   1,    8) (   1,    8) (   1,    8) (   1,    8) (   1,    8) (   1,    8) (   1,    8) (   1,    8) (   1,    8) (   1,    8)
          (   1,    8) (   1,    8) (   1,    8) (   1,    8) (   1,    8) (   1,    8) (   1,    8) (   1,    8) (   1,    8) (   1,    8)
          (   1,    8) (   1,    8) (   1,    8) (   1,    8) (   1,    8) (   1,    8) (   1,    8) (   1,    8) (   1,    8) (   1,    8)
          (   1,    8) (   1,    8) (   1,    8) (   1,    8) (   1,    8) (   1,    8) (   1,    8) (   1,    8) (   1,    8) (   1,    8)
          (   1,    8) (   1,    8) (   1,    8) (   1,    8) (   1,    8) (   1,    8) (   1,    8) (   1,    8) (   1,    8) (   1,    8)
          (   1,    8) (   1,    8) (   1,    8) (   1,    8) (   1,    8) (   1,    8) (   1,    8) (   1,    8) (   1,    8) (   1,    8)
          (   1,    8) (   1,    8) (   1,    8) (   1,    8) (   1,    8) (   1,    8) (   1,    8) (   1,    8) (   1,    8) (   1,    8)
          (   1,    8) (   1,    8) (   1,    8) (   1,    8) (   1,    8) (   1,    8) (   1,    8) (   1,    8) (   1,    8) (   1,    8)
          (   1,    8) (   1,    8) (   1,    8) (   1,    8) (   1,    8) (   1,    8) (   1,    8) (   1,    8) (   1,    8) (   1,    8)
          (   1,    8) (   1,    8) (   1,    8) (   1,    8) (   1,    8) (   1,    8) (   1,    8) (   1,    8) (   1,    8) (   1,    8)
          (   1,    8) (   1,    8) (   1,    8) (   1,    8) (   1,    8) (   1,    8) (   1,    8) (   1,    8) (   1,    8) (   1,    8)
          (   1,    8) (   1,    8) (   1,    8) (   1,    8) (   1,    8) (   1,    8) (   1,    8) (   1,    8) (   1,    8) (   1,    8)
          (   1,    8) (   1,    8) (   1,    8) (   1,    8) (   1,    8) (   1,    8) (   1,    8) (   1,    8) (   1,    8) (   1,    8)
          (   1,    8) (   1,    8) (   1,    8) (   1,    8) (   1,    8) (   1,    8) (   1,    8) (   1,    8) (   1,    8) (   1,    8)
          (   1,    8) (   1,    8) (   1,    8) (   1,    8) (   1,    8) (   1,    8) (   1,    8) (   1,    8) (   1,    8) (   1,    8)
          (   1,    8) (   1,    8) (   1,    8) (   1,    8) (   1,    8) (   1,    8) (   1,    8) (   1,    8) (   1,    8) (   1,    8)
          (   1,    8) (   1,    8) (   1,    8) (   1,    8) (   1,    8) (   1,    8) (   1,    8) (   1,    8) (   1,    8) (   1,    8)
          (   1,    8) (   1,    8) (   1,    8) (   1,    8) (   1,    8) (   1,    8) (   1,    8) (   1,    8) (   1,    8) (   1,    8)
          (   1,    8) (   1,    8) (   1,    8) (   1,    8) (   1,    8) (   1,    8) (   1,    8) (   1,    8) (   1,    8) (   1,    8)
          (   1,    8) (   1,    8) (   1,    8) (   1,    8) (   1,    8) (   1,    8) (   1,    8) (   1,    8) (   1,    8) (   1,    8)
          (   1,    8) (   1,    8) (   1,    8) (   1,    8) (   1,    8) (   1,    8) (   1,    8) (   1,    8) (   1,    8) (   1,    8)
          (   1,    8) (   1,    8) (   1,    8) (   1,    8) (   1,    8) (   1,    8) (   1,    8) (   1,    8) (   1,    8) (   1,    8)
          (   1,    8) (   1,    8) (   1,    8) (   1,    8) (   1,    8) (   1,    8) (   1,    8) (   1,    8) (   1,    8) (   1,    8)
          (   1,    8) (   1,    8) (   1,    8) (   1,    8) (   1,    8) (   1,    8) (   1,    8) (   1,    8) (   1,    8) (   1,    8)
          (   1,    8) (   1,    8) (   1,    8) (   1,    8) (   1,    8) (   1,    8) (   1,    8) (   1,    8) (   1,    8) (   1,    8)
          (   1,    8) (   1,    8) (   1,    8) (   1,    8) (   1,    8) (   1,    8) (   1,    8) (   1,    8) (   1,    8) (   1,    8)
          (   1,    8) (   1,    8) (   1,    8) (   1,    8) (   1,    8) (   1,    8) (   1,    8) (   1,    8) (   1,    8) (   1,    8)
          (   1,    8) (   1,    8) (   1,    8) (   1,    8) (   1,    8) (   1,    8) (   1,    8) (   1,    8) (   1,    8) (   1,    8)
          (   1,    8) (   1,    8) (   1,    8) (   1,    8) (   1,    8) (   1,    8) (   1,    8) (   1,    8) (   1,    8) (   1,    8)
          (   1,    8) (   1,    8) (   1,    8) (   1,    8) (   1,    8) (   1,    8) (   1,    8) (   1,    8) (   1,    8) (   1,    8)
          (   1,    8) (   1,    8) (   1,    8) (   1,    8) (   1,    8) (   1,    8) (   1,    8) (   1,    8) (   1,    8) (   1,    8)
          (   1,    8) (   1,    8) (   1,    8) (   1,    8) (   1,    8) (   1,    8) (   1,    8) (   1,    8) (   1,    8) (   1,    8)
          (   1,    8) (   1,    8) (   1,    8) (   1,    8) (   1,    8) (   1,    8) (   1,    8) (   1,    8) (   1,    8) (   1,    8)
          (   1,    8) (   1,    8) (   1,    8) (   1,    8) (   1,    8) (   1,    8) (   1,    8) (   1,    8) (   1,    8) (   1,    8)
          (   1,    8) (   1,    8) (   1,    8) (   1,    8) (   1,    8) (   1,    8) (   1,    8) (   1,    8) (   1,    8) (   1,    8)
          (   1,    8) (   1,    8) (   1,    8) (   1,    8) (   1,    8) (   1,    8) (   1,    8) (   1,    8) (   1,    8) (   1,    8)
          (   1,    8) (   1,    8) (   1,    8) (   1,    8) (   1,    8) (   1,    8) (   1,    8) (   1,    8) (   1,    8) (   1,    8)
          (   1,    8) (   1,    8) (   1,    8) (   1,    8) (   1,    8) (   1,    8) (   1,    8) (   1,    8) (   1,    8) (   1,    8)
          (   1,    8) (   1,    8) (   1,    8) (   1,    8) (   1,    8) (   1,    8) (   1,    8) (   1,    8) (   1,    8) (   1,    8)
          (   1,    8) (   1,    8) (   1,    8) (   1,    8) (   1,    8) (   1,    8) (   1,    8) (   1,    8) (   1,    8) (   1,    8)
          (   1,    8) (   1,    8) (   1,    8) (   1,    8) (   1,    8) (   1,    8) (   1,    8) (   1,    8) (   1,    8) (   1,    8)
          (   1,    8) (   1,    8) (   1,    8) (   1,    8) (   1,    8) (   1,    8) (   1,    8) (   1,    8) (   1,    8) (   1,    8)
          (   1,    8) (   1,    8) (   1,    8) (   1,    8) (   1,    8) (   1,    8) (   1,    8) (   1,    8) (   1,    8) (   1,    8)
          (   1,    8) (   1,    8) (   1,    8) (   1,    8) (   1,    8) (   1,    8) (   1,    8) (   1,    8) (   1,    8) (   1,    8)
         
node   5 sent_total    698  recv_total   5667

node   6  (   0,    0) (   1,    0) (   0,    0) (   1,    4) (   1,    6) (   1,    7) (   1,    9) (   1,    9) (   1,    9) (   1,    9)
          (   1,    9) (   1,    9) (   1,    9) (   1,    9) (   1,    9) (   1,    9) (   1,    9) (   1,    9) (   1,    9) (   1,    9)
          (   1,    9) (   1,    9) (   1,    9) (   1,    9) (   1,    9) (   1,    9) (   1,    9) (   1,    9) (   1,    9) (   1,    9)
          (   1,    9) (   1,    9) (   1,    9) (   1,    9) (   1,    9) (   1,    9) (   1,    9) (   1,    9) (   1,    9) (   1,    9)
          (   1,    9) (   1,    9) (   1,    9) (   1,    9) (   1,    9) (   1,    9) (   1,    9) (   1,    9) (   1,    9) (   1,    9)
          (   1,    9) (   1,    9) (   1,    9) (   1,    9) (   1,    9) (   1,    9) (   1,    9) (   1,    9) (   1,    9) (   1,    9)
          (   1,    9) (   1,    9) (   1,    9) (   1,    9) (   1,    9) (   1,    9) (   1,    9) (   1,    9) (   1,    9) (   1,    9)
          (   1,    9) (   1,    9) (   1,    9) (   1,    9) (   1,    9) (   1,    9) (   1,    9) (   1,    9) (   1,    9) (   1,    9)
          (   1,    9) (   1,    9) (   1,    9) (   1,    9) (   1,    9) (   1,    9) (   1,    9) (   1,    9) (   1,    9) (   1,    9)
          (   1,    9) (   1,    9) (   1,    9) (   1,    9) (   1,    9) (   1,    9) (   1,    9) (   1,    9) (   1,    9) (   1,    9)
          (   1,    9) (   0,    0) (   0,    0) (   0,    0) (   0,    0) (   0,    0) (   0,    0) (   0,    0) (   0,    0) (   0,    0)
          (   0,    0) (   0,    0) (   0,    0) (   0,    0) (   0,    0) (   0,    0) (   0,    0) (   0,    0) (   0,    0) (   0,    0)
          (   0,    0) (   0,    0) (   0,    0) (   0,    0) (   0,    0) (   0,    0) (   0,    0) (   0,    0) (   0,    0) (   0,    0)
          (   0,    0) (   0,    0) (   0,    0) (   0,    0) (   0,    0) (   0,    0) (   0,    0) (   0,    0) (   0,    0) (   0,    0)
          (   0,    0) (   0,    0) (   0,    0) (   0,    0) (   0,    0) (   0,    0) (   0,    0) (   0,    0) (   0,    0) (   0,    0)
          (   0,    0) (   0,    0) (   0,    0) (   0,    0) (   0,    0) (   0,    0) (   0,    0) (   0,    0) (   0,    0) (   0,    0)
          (   0,    0) (   0,    0) (   0,    0) (   0,    0) (   0,    0) (   0,    0) (   0,    0) (   0,    0) (   0,    0) (   0,    0)
          (   0,    0) (   0,    0) (   0,    0) (   0,    0) (   0,    0) (   0,    0) (   0,    0) (   0,    0) (   0,    0) (   0,    0)
          (   0,    0) (   0,    0) (   0,    0) (   0,    0) (   0,    0) (   0,    0) (   0,    0) (   0,    0) (   0,    0) (   0,    0)
          (   0,    0) (   0,    0) (   0,    0) (   0,    0) (   0,    0) (   0,    0) (   0,    0) (   0,    0) (   0,    0) (   0,    0)
          (   0,    0) (   0,    0) (   0,    0) (   0,    0) (   0,    0) (   0,    0) (   0,    0) (   0,    0) (   0,    0) (   0,    0)
          (   0,    0) (   0,    0) (   0,    0) (   0,    0) (   0,    0) (   0,    0) (   0,    0) (   0,    0) (   0,    0) (   0,    0)
          (   0,    0) (   0,    0) (   0,    0) (   0,    0) (   0,    0) (   0,    0) (   0,    0) (   0,    0) (   0,    0) (   0,    0)
          (   0,    0) (   0,    0) (   0,    0) (   0,    0) (   0,    0) (   0,    0) (   0,    0) (   0,    0) (   0,    0) (   0,    0)
          (   0,    0) (   0,    0) (   0,    0) (   0,    0) (   0,    0) (   0,    0) (   0,    0) (   0,    0) (   0,    0) (   0,    0)
          (   0,    0) (   0,    0) (   0,    0) (   0,    0) (   0,    0) (   0,    0) (   0,    0) (   0,    0) (   0,    0) (   0,    0)
          (   0,    0) (   0,    0) (   0,    0) (   0,    0) (   0,    0) (   0,    0) (   0,    0) (   0,    0) (   0,    0) (   0,    0)
          (   0,    0) (   0,    0) (   0,    0) (   0,    0) (   0,    0) (   0,    0) (   0,    0) (   0,    0) (   0,    0) (   0,    0)
          (   0,    0) (   0,    0) (   0,    0) (   0,    0) (   0,    0) (   0,    0) (   0,    0) (   0,    0) (   0,    0) (   0,    0)
          (   0,    0) (   0,    0) (   0,    0) (   0,    0) (   0,    0) (   0,    0) (   0,    0) (   0,    0) (   0,    0) (   0,    0)
          (   0,    0) (   0,    0) (   0,    0) (   0,    0) (   0,    0) (   0,    0) (   0,    0) (   0,    0) (   0,    0) (   0,    0)
          (   0,    0) (   0,    0) (   0,    0) (   0,    0) (   0,    0) (   0,    0) (   0,    0) (   0,    0) (   0,    0) (   0,    0)
          (   0,    0) (   0,    0) (   0,    0) (   0,    0) (   0,    0) (   0,    0) (   0,    0) (   0,    0) (   0,    0) (   0,    0)
          (   0,    0) (   0,    0) (   0,    0) (   0,    0) (   0,    0) (   0,    0) (   0,    0) (   0,    0) (   0,    0) (   0,    0)
          (   0,    0) (   0,    0) (   0,    0) (   0,    0) (   0,    0) (   0,    0) (   0,    0) (   0,    0) (   0,    0) (   0,    0)
          (   0,    0) (   0,    0) (   0,    0) (   0,    0) (   0,    0) (   0,    0) (   0,    0) (   0,    0) (   0,    0) (   0,    0)
          (   0,    0) (   0,    0) (   0,    0) (   0,    0) (   0,    0) (   0,    0) (   0,    0) (   0,    0) (   0,    0) (   0,    0)
          (   0,    0) (   0,    0) (   0,    0) (   0,    0) (   0,    0) (   0,    0) (   0,    0) (   0,    0) (   0,    0) (   0,    0)
          (   0,    0) (   0,    0) (   0,    0) (   0,    0) (   0,    0) (   0,    0) (   0,    0) (   0,    0) (   0,    0) (   0,    0)
          (   0,    0) (   0,    0) (   0,    0) (   0,    0) (   0,    0) (   0,    0) (   0,    0) (   0,    0) (   0,    0) (   0,    0)
          (   0,    0) (   0,    0) (   0,    0) (   0,    0) (   0,    0) (   0,    0) (   0,    0) (   0,    0) (   0,    0) (   0,    0)
          (   0,    0) (   0,    0) (   0,    0) (   0,    0) (   0,    0) (   0,    0) (   0,    0) (   0,    0) (   0,    0) (   0,    0)
          (   0,    0) (   0,    0) (   0,    0) (   0,    0) (   0,    0) (   0,    0) (   0,    0) (   0,    0) (   0,    0) (   0,    0)
          (   0,    0) (   0,    0) (   0,    0) (   0,    0) (   0,    0) (   0,    0) (   0,    0) (   0,    0) (   0,    0) (   0,    0)
          (   0,    0) (   0,    0) (   0,    0) (   0,    0) (   0,    0) (   0,    0) (   0,    0) (   0,    0) (   0,    0) (   0,    0)
          (   0,    0) (   0,    0) (   0,    0) (   0,    0) (   0,    0) (   0,    0) (   0,    0) (   0,    0) (   0,    0) (   0,    0)
          (   0,    0) (   0,    0) (   0,    0) (   0,    0) (   0,    0) (   0,    0) (   0,    0) (   0,    0) (   0,    0) (   0,    0)
          (   0,    0) (   0,    0) (   0,    0) (   0,    0) (   0,    0) (   0,    0) (   0,    0) (   0,    0) (   0,    0) (   0,    0)
          (   0,    0) (   0,    0) (   0,    0) (   0,    0) (   0,    0) (   0,    0) (   0,    0) (   0,    0) (   0,    0) (   0,    0)
          (   0,    0) (   0,    0) (   0,    0) (   0,    0) (   0,    0) (   0,    0) (   0,    0) (   0,    0) (   0,    0) (   0,    0)
          (   0,    0) (   0,    0) (   0,    0) (   0,    0) (   0,    0) (   0,    0) (   0,    0) (   0,    0) (   0,    0) (   0,    0)
          (   0,    0) (   0,    0) (   0,    0) (   0,    0) (   0,    0) (   0,    0) (   0,    0) (   0,    0) (   0,    0) (   0,    0)
          (   0,    0) (   0,    0) (   0,    0) (   0,    0) (   0,    0) (   0,    0) (   0,    0) (   0,    0) (   0,    0) (   0,    0)
          (   0,    0) (   0,    0) (   0,    0) (   0,    0) (   0,    0) (   0,    0) (   0,    0) (   0,    0) (   0,    0) (   0,    0)
          (   0,    0) (   0,    0) (   0,    0) (   0,    0) (   0,    0) (   0,    0) (   0,    0) (   0,    0) (   0,    0) (   0,    0)
          (   0,    0) (   0,    0) (   0,    0) (   0,    0) (   0,    0) (   0,    0) (   0,    0) (   0,    0) (   0,    0) (   0,    0)
          (   0,    0) (   0,    0) (   0,    0) (   0,    0) (   0,    0) (   0,    0) (   0,    0) (   0,    0) (   0,    0) (   0,    0)
          (   0,    0) (   0,    0) (   0,    0) (   0,    0) (   0,    0) (   0,    0) (   0,    0) (   0,    0) (   0,    0) (   0,    0)
          (   0,    0) (   0,    0) (   0,    0) (   0,    0) (   0,    0) (   0,    0) (   0,    0) (   0,    0) (   0,    0) (   0,    0)
          (   0,    0) (   0,    0) (   0,    0) (   0,    0) (   0,    0) (   0,    0) (   0,    0) (   0,    0) (   0,    0) (   0,    0)
          (   0,    0) (   0,    0) (   0,    0) (   0,    0) (   0,    0) (   0,    0) (   0,    0) (   0,    0) (   0,    0) (   0,    0)
          (   0,    0) (   0,    0) (   0,    0) (   0,    0) (   0,    0) (   0,    0) (   0,    0) (   0,    0) (   0,    0) (   0,    0)
          (   0,    0) (   0,    0) (   0,    0) (   0,    0) (   0,    0) (   0,    0) (   0,    0) (   0,    0) (   0,    0) (   0,    0)
          (   0,    0) (   0,    0) (   0,    0) (   0,    0) (   0,    0) (   0,    0) (   0,    0) (   0,    0) (   0,    0) (   0,    0)
          (   0,    0) (   0,    0) (   0,    0) (   0,    0) (   0,    0) (   0,    0) (   0,    0) (   0,    0) (   0,    0) (   0,    0)
          (   0,    0) (   0,    0) (   0,    0) (   0,    0) (   0,    0) (   0,    0) (   0,    0) (   0,    0) (   0,    0) (   0,    0)
          (   0,    0) (   0,    0) (   0,    0) (   0,    0) (   0,    0) (   0,    0) (   0,    0) (   0,    0) (   0,    0) (   0,    0)
          (   0,    0) (   0,    0) (   0,    0) (   0,    0) (   0,    0) (   0,    0) (   0,    0) (   0,    0) (   0,    0) (   0,    0)
          (   0,    0) (   0,    0) (   0,    0) (   0,    0) (   0,    0) (   0,    0) (   0,    0) (   0,    0) (   0,    0) (   0,    0)
          (   0,    0) (   0,    0) (   0,    0) (   0,    0) (   0,    0) (   0,    0) (   0,    0) (   0,    0) (   0,    0) (   0,    0)
         
node   6 sent_total     99  recv_total    872

node   7  (   0,    0) (   1,    0) (   0,    0) (   1,    3) (   1,    6) (   1,    7) (   1,    9) (   1,    9) (   1,    9) (   1,    9)
          (   1,    9) (   1,    9) (   1,    9) (   1,    9) (   1,    9) (   1,    9) (   1,    9) (   1,    9) (   1,    9) (   1,    9)
          (   1,    9) (   1,    9) (   1,    9) (   1,    9) (   1,    9) (   1,    9) (   1,    9) (   1,    9) (   1,    9) (   1,    9)
          (   1,    9) (   1,    9) (   1,    9) (   1,    9) (   1,    9) (   1,    9) (   1,    9) (   1,    9) (   1,    9) (   1,    9)
          (   1,    9) (   1,    9) (   1,    9) (   1,    9) (   1,    9) (   1,    9) (   1,    9) (   1,    9) (   1,    9) (   1,    9)
          (   1,    9) (   1,    9) (   1,    9) (   1,    9) (   1,    9) (   1,    9) (   1,    9) (   1,    9) (   1,    9) (   1,    9)
          (   1,    9) (   1,    9) (   1,    9) (   1,    9) (   1,    9) (   1,    9) (   1,    9) (   1,    9) (   1,    9) (   1,    9)
          (   1,    9) (   1,    9) (   1,    9) (   1,    9) (   1,    9) (   1,    9) (   1,    9) (   1,    9) (   1,    9) (   1,    9)
          (   1,    9) (   1,    9) (   1,    9) (   1,    9) (   1,    9) (   1,    9) (   1,    9) (   1,    9) (   1,    9) (   1,    9)
          (   1,    9) (   1,    9) (   1,    9) (   1,    9) (   1,    9) (   1,    9) (   1,    9) (   1,    9) (   1,    9) (   1,    9)
          (   1,    9) (   1,    9) (   1,    9) (   1,    8) (   1,    8) (   1,    8) (   1,    8) (   1,    8) (   1,    8) (   1,    8)
          (   1,    8) (   1,    8) (   1,    8) (   1,    8) (   1,    8) (   1,    8) (   1,    8) (   1,    8) (   1,    8) (   1,    8)
          (   1,    8) (   1,    8) (   1,    8) (   1,    8) (   1,    8) (   1,    8) (   1,    8) (   1,    8) (   1,    8) (   1,    8)
          (   1,    8) (   1,    8) (   1,    8) (   1,    8) (   1,    8) (   1,    8) (   1,    8) (   1,    8) (   1,    8) (   1,    8)
          (   1,    8) (   1,    8) (   1,    8) (   1,    8) (   1,    8) (   1,    8) (   1,    8) (   1,    8) (   1,    8) (   1,    8)
          (   1,    8) (   1,    8) (   1,    8) (   1,    8) (   1,    8) (   1,    8) (   1,    8) (   1,    8) (   1,    8) (   1,    8)
          (   1,    8) (   1,    8) (   1,    8) (   1,    8) (   1,    8) (   1,    8) (   1,    8) (   1,    8) (   1,    8) (   1,    8)
          (   1,    8) (   1,    8) (   1,    8) (   1,    8) (   1,    8) (   1,    8) (   1,    8) (   1,    8) (   1,    8) (   1,    8)
          (   1,    8) (   1,    8) (   1,    8) (   1,    8) (   1,    8) (   1,    8) (   1,    8) (   1,    8) (   1,    8) (   1,    8)
          (   1,    8) (   1,    8) (   1,    8) (   1,    8) (   1,    8) (   1,    8) (   1,    8) (   1,    8) (   1,    8) (   1,    8)
          (   1,    8) (   1,    8) (   1,    8) (   1,    8) (   1,    8) (   1,    8) (   1,    8) (   1,    8) (   1,    8) (   1,    8)
          (   1,    8) (   1,    8) (   1,    8) (   1,    8) (   1,    8) (   1,    8) (   1,    8) (   1,    8) (   1,    8) (   1,    8)
          (   1,    8) (   1,    8) (   1,    8) (   1,    8) (   1,    8) (   1,    8) (   1,    8) (   1,    8) (   1,    8) (   1,    8)
          (   1,    8) (   1,    8) (   1,    8) (   1,    8) (   1,    8) (   1,    8) (   1,    8) (   1,    8) (   1,    8) (   1,    8)
          (   1,    8) (   1,    8) (   1,    8) (   1,    8) (   1,    8) (   1,    8) (   1,    8) (   1,    8) (   1,    8) (   1,    8)
          (   1,    8) (   1,    8) (   1,    8) (   1,    8) (   1,    8) (   1,    8) (   1,    8) (   1,    8) (   1,    8) (   1,    8)
          (   1,    8) (   1,    8) (   1,    8) (   1,    8) (   1,    8) (   1,    8) (   1,    8) (   1,    8) (   1,    8) (   1,    8)
          (   1,    8) (   1,    8) (   1,    8) (   1,    8) (   1,    8) (   1,    8) (   1,    8) (   1,    8) (   1,    8) (   1,    8)
          (   1,    8) (   1,    8) (   1,    8) (   1,    8) (   1,    8) (   1,    8) (   1,    8) (   1,    8) (   1,    8) (   1,    8)
          (   1,    8) (   1,    8) (   1,    8) (   1,    8) (   1,    8) (   1,    8) (   1,    8) (   1,    8) (   1,    8) (   1,    8)
          (   1,    8) (   1,    8) (   1,    8) (   1,    8) (   1,    8) (   1,    8) (   1,    8) (   1,    8) (   1,    8) (   1,    8)
          (   1,    8) (   1,    8) (   1,    8) (   1,    8) (   1,    8) (   1,    8) (   1,    8) (   1,    8) (   1,    8) (   1,    8)
          (   1,    8) (   1,    8) (   1,    8) (   1,    8) (   1,    8) (   1,    8) (   1,    8) (   1,    8) (   1,    8) (   1,    8)
          (   1,    8) (   1,    8) (   1,    8) (   1,    8) (   1,    8) (   1,    8) (   1,    8) (   1,    8) (   1,    8) (   1,    8)
          (   1,    8) (   1,    8) (   1,    8) (   1,    8) (   1,    8) (   1,    8) (   1,    8) (   1,    8) (   1,    8) (   1,    8)
          (   1,    8) (   1,    8) (   1,    8) (   1,    8) (   1,    8) (   1,    8) (   1,    8) (   1,    8) (   1,    8) (   1,    8)
          (   1,    8) (   1,    8) (   1,    8) (   1,    8) (   1,    8) (   1,    8) (   1,    8) (   1,    8) (   1,    8) (   1,    8)
          (   1,    8) (   1,    8) (   1,    8) (   1,    8) (   1,    8) (   1,    8) (   1,    8) (   1,    8) (   1,    8) (   1,    8)
          (   1,    8) (   1,    8) (   1,    8) (   1,    8) (   1,    8) (   1,    8) (   1,    8) (   1,    8) (   1,    8) (   1,    8)
          (   1,    8) (   1,    8) (   1,    8) (   1,    8) (   1,    8) (   1,    8) (   1,    8) (   1,    8) (   1,    8) (   1,    8)
          (   1,    8) (   1,    8) (   1,    8) (   1,    8) (   1,    8) (   1,    8) (   1,    8) (   1,    8) (   1,    8) (   1,    8)
          (   1,    8) (   1,    8) (   1,    8) (   1,    8) (   1,    8) (   1,    8) (   1,    8) (   1,    8) (   1,    8) (   1,    8)
          (   1,    8) (   1,    8) (   1,    8) (   1,    8) (   1,    8) (   1,    8) (   1,    8) (   1,    8) (   1,    8) (   1,    8)
          (   1,    8) (   1,    8) (   1,    8) (   1,    8) (   1,    8) (   1,    8) (   1,    8) (   1,    8) (   1,    8) (   1,    8)
          (   1,    8) (   1,    8) (   1,    8) (   1,    8) (   1,    8) (   1,    8) (   1,    8) (   1,    8) (   1,    8) (   1,    8)
          (   1,    8) (   1,    8) (   1,    8) (   1,    8) (   1,    8) (   1,    8) (   1,    8) (   1,    8) (   1,    8) (   1,    8)
          (   1,    8) (   1,    8) (   1,    8) (   1,    8) (   1,    8) (   1,    8) (   1,    8) (   1,    8) (   1,    8) (   1,    8)
          (   1,    8) (   1,    8) (   1,    8) (   1,    8) (   1,    8) (   1,    8) (   1,    8) (   1,    8) (   1,    8) (   1,    8)
          (   1,    8) (   1,    8) (   1,    8) (   1,    8) (   1,    8) (   1,    8) (   1,    8) (   1,    8) (   1,    8) (   1,    8)
          (   1,    8) (   1,    8) (   1,    8) (   1,    8) (   1,    8) (   1,    8) (   1,    8) (   1,    8) (   1,    8) (   1,    8)
          (   1,    8) (   1,    8) (   1,    8) (   1,    8) (   1,    8) (   1,    8) (   1,    8) (   1,    8) (   1,    8) (   1,    8)
          (   1,    8) (   1,    8) (   1,    8) (   1,    8) (   1,    8) (   1,    8) (   1,    8) (   1,    8) (   1,    8) (   1,    8)
          (   1,    8) (   1,    8) (   1,    8) (   1,    8) (   1,    8) (   1,    8) (   1,    8) (   1,    8) (   1,    8) (   1,    8)
          (   1,    8) (   1,    8) (   1,    8) (   1,    8) (   1,    8) (   1,    8) (   1,    8) (   1,    8) (   1,    8) (   1,    8)
          (   1,    8) (   1,    8) (   1,    8) (   1,    8) (   1,    8) (   1,    8) (   1,    8) (   1,    8) (   1,    8) (   1,    8)
          (   1,    8) (   1,    8) (   1,    8) (   1,    8) (   1,    8) (   1,    8) (   1,    8) (   1,    8) (   1,    8) (   1,    8)
          (   1,    8) (   1,    8) (   1,    8) (   1,    8) (   1,    8) (   1,    8) (   1,    8) (   1,    8) (   1,    8) (   1,    8)
          (   1,    8) (   1,    8) (   1,    8) (   1,    8) (   1,    8) (   1,    8) (   1,    8) (   1,    8) (   1,    8) (   1,    8)
          (   1,    8) (   1,    8) (   1,    8) (   1,    8) (   1,    8) (   1,    8) (   1,    8) (   1,    8) (   1,    8) (   1,    8)
          (   1,    8) (   1,    8) (   1,    8) (   1,    8) (   1,    8) (   1,    8) (   1,    8) (   1,    8) (   1,    8) (   1,    8)
          (   1,    8) (   1,    8) (   1,    8) (   1,    8) (   1,    8) (   1,    8) (   1,    8) (   1,    8) (   1,    8) (   1,    8)
          (   1,    8) (   1,    8) (   1,    8) (   1,    8) (   1,    8) (   1,    8) (   1,    8) (   1,    8) (   1,    8) (   1,    8)
          (   1,    8) (   1,    8) (   1,    8) (   1,    8) (   1,    8) (   1,    8) (   1,    8) (   1,    8) (   1,    8) (   1,    8)
          (   1,    8) (   1,    8) (   1,    8) (   1,    8) (   1,    8) (   1,    8) (   1,    8) (   1,    8) (   1,    8) (   1,    8)
          (   1,    8) (   1,    8) (   1,    8) (   1,    8) (   1,    8) (   1,    8) (   1,    8) (   1,    8) (   1,    8) (   1,    8)
          (   1,    8) (   1,    8) (   1,    8) (   1,    8) (   1,    8) (   1,    8) (   1,    8) (   1,    8) (   1,    8) (   1,    8)
          (   1,    8) (   1,    8) (   1,    8) (   1,    8) (   1,    8) (   1,    8) (   1,    8) (   1,    8) (   1,    8) (   1,    8)
          (   1,    8) (   1,    8) (   1,    8) (   1,    8) (   1,    8) (   1,    8) (   1,    8) (   1,    8) (   1,    8) (   1,    8)
          (   1,    8) (   1,    8) (   1,    8) (   1,    8) (   1,    8) (   1,    8) (   1,    8) (   1,    8) (   1,    8) (   1,    8)
          (   1,    8) (   1,    8) (   1,    8) (   1,    8) (   1,    8) (   1,    8) (   1,    8) (   1,    8) (   1,    8) (   1,    8)
         
node   7 sent_total    698  recv_total   5665

node   8  (   0,    0) (   1,    0) (   0,    0) (   1,    2) (   1,    6) (   1,    7) (   1,    9) (   1,    9) (   1,    9) (   1,    9)
          (   1,    9) (   1,    9) (   1,    9) (   1,    9) (   1,    9) (   1,    9) (   1,    9) (   1,    9) (   1,    9) (   1,    9)
          (   1,    9) (   1,    9) (   1,    9) (   1,    9) (   1,    9) (   1,    9) (   1,    9) (   1,    9) (   1,    9) (   1,    9)
          (   1,    9) (   1,    9) (   1,    9) (   1,    9) (   1,    9) (   1,    9) (   1,    9) (   1,    9) (   1,    9) (   1,    9)
          (   1,    9) (   1,    9) (   1,    9) (   1,    9) (   1,    9) (   1,    9) (   1,    9) (   1,    9) (   1,    9) (   1,    9)
          (   1,    9) (   1,    9) (   1,    9) (   1,    9) (   1,    9) (   1,    9) (   1,    9) (   1,    9) (   1,    9) (   1,    9)
          (   1,    9) (   1,    9) (   1,    9) (   1,    9) (   1,    9) (   1,    9) (   1,    9) (   1,    9) (   1,    9) (   1,    9)
          (   1,    9) (   1,    9) (   1,    9) (   1,    9) (   1,    9) (   1,    9) (   1,    9) (   1,    9) (   1,    9) (   1,    9)
          (   1,    9) (   1,    9) (   1,    9) (   1,    9) (   1,    9) (   1,    9) (   1,    9) (   1,    9) (   1,    9) (   1,    9)
          (   1,    9) (   1,    9) (   1,    9) (   1,    9) (   1,    9) (   1,    9) (   1,    9) (   1,    9) (   1,    9) (   1,    9)
          (   1,    9) (   1,    9) (   1,    9) (   1,    8) (   1,    8) (   1,    8) (   1,    8) (   1,    8) (   1,    8) (   1,    8)
          (   1,    8) (   1,    8) (   1,    8) (   1,    8) (   1,    8) (   1,    8) (   1,    8) (   1,    8) (   1,    8) (   1,    8)
          (   1,    8) (   1,    8) (   1,    8) (   1,    8) (   1,    8) (   1,    8) (   1,    8) (   1,    8) (   1,    8) (   1,    8)
          (   1,    8) (   1,    8) (   1,    8) (   1,    8) (   1,    8) (   1,    8) (   1,    8) (   1,    8) (   1,    8) (   1,    8)
          (   1,    8) (   1,    8) (   1,    8) (   1,    8) (   1,    8) (   1,    8) (   1,    8) (   1,    8) (   1,    8) (   1,    8)
          (   1,    8) (   1,    8) (   1,    8) (   1,    8) (   1,    8) (   1,    8) (   1,    8) (   1,    8) (   1,    8) (   1,    8)
          (   1,    8) (   1,    8) (   1,    8) (   1,    8) (   1,    8) (   1,    8) (   1,    8) (   1,    8) (   1,    8) (   1,    8)
          (   1,    8) (   1,    8) (   1,    8) (   1,    8) (   1,    8) (   1,    8) (   1,    8) (   1,    8) (   1,    8) (   1,    8)
          (   1,    8) (   1,    8) (   1,    8) (   1,    8) (   1,    8) (   1,    8) (   1,    8) (   1,    8) (   1,    8) (   1,    8)
          (   1,    8) (   1,    8) (   1,    8) (   1,    8) (   1,    8) (   1,    8) (   1,    8) (   1,    8) (   1,    8) (   1,    8)
          (   1,    8) (   1,    8) (   1,    8) (   1,    8) (   1,    8) (   1,    8) (   1,    8) (   1,    8) (   1,    8) (   1,    8)
          (   1,    8) (   1,    8) (   1,    8) (   1,    8) (   1,    8) (   1,    8) (   1,    8) (   1,    8) (   1,    8) (   1,    8)
          (   1,    8) (   1,    8) (   1,    8) (   1,    8) (   1,    8) (   1,    8) (   1,    8) (   1,    8) (   1,    8) (   1,    8)
          (   1,    8) (   1,    8) (   1,    8) (   1,    8) (   1,    8) (   1,    8) (   1,    8) (   1,    8) (   1,    8) (   1,    8)
          (   1,    8) (   1,    8) (   1,    8) (   1,    8) (   1,    8) (   1,    8) (   1,    8) (   1,    8) (   1,    8) (   1,    8)
          (   1,    8) (   1,    8) (   1,    8) (   1,    8) (   1,    8) (   1,    8) (   1,    8) (   1,    8) (   1,    8) (   1,    8)
          (   1,    8) (   1,    8) (   1,    8) (   1,    8) (   1,    8) (   1,    8) (   1,    8) (   1,    8) (   1,    8) (   1,    8)
          (   1,    8) (   1,    8) (   1,    8) (   1,    8) (   1,    8) (   1,    8) (   1,    8) (   1,    8) (   1,    8) (   1,    8)
          (   1,    8) (   1,    8) (   1,    8) (   1,    8) (   1,    8) (   1,    8) (   1,    8) (   1,    8) (   1,    8) (   1,    8)
          (   1,    8) (   1,    8) (   1,    8) (   1,    8) (   1,    8) (   1,    8) (   1,    8) (   1,    8) (   1,    8) (   1,    8)
          (   1,    8) (   1,    8) (   1,    8) (   1,    8) (   1,    8) (   1,    8) (   1,    8) (   1,    8) (   1,    8) (   1,    8)
          (   1,    8) (   1,    8) (   1,    8) (   1,    8) (   1,    8) (   1,    8) (   1,    8) (   1,    8) (   1,    8) (   1,    8)
          (   1,    8) (   1,    8) (   1,    8) (   1,    8) (   1,    8) (   1,    8) (   1,    8) (   1,    8) (   1,    8) (   1,    8)
          (   1,    8) (   1,    8) (   1,    8) (   1,    8) (   1,    8) (   1,    8) (   1,    8) (   1,    8) (   1,    8) (   1,    8)
          (   1,    8) (   1,    8) (   1,    8) (   1,    8) (   1,    8) (   1,    8) (   1,    8) (   1,    8) (   1,    8) (   1,    8)
          (   1,    8) (   1,    8) (   1,    8) (   1,    8) (   1,    8) (   1,    8) (   1,    8) (   1,    8) (   1,    8) (   1,    8)
          (   1,    8) (   1,    8) (   1,    8) (   1,    8) (   1,    8) (   1,    8) (   1,    8) (   1,    8) (   1,    8) (   1,    8)
          (   1,    8) (   1,    8) (   1,    8) (   1,    8) (   1,    8) (   1,    8) (   1,    8) (   1,    8) (   1,    8) (   1,    8)
          (   1,    8) (   1,    8) (   1,    8) (   1,    8) (   1,    8) (   1,    8) (   1,    8) (   1,    8) (   1,    8) (   1,    8)
          (   1,    8) (   1,    8) (   1,    8) (   1,    8) (   1,    8) (   1,    8) (   1,    8) (   1,    8) (   1,    8) (   1,    8)
          (   1,    8) (   1,    8) (   1,    8) (   1,    8) (   1,    8) (   1,    8) (   1,    8) (   1,    8) (   1,    8) (   1,    8)
          (   1,    8) (   1,    8) (   1,    8) (   1,    8) (   1,    8) (   1,    8) (   1,    8) (   1,    8) (   1,    8) (   1,    8)
          (   1,    8) (   1,    8) (   1,    8) (   1,    8) (   1,    8) (   1,    8) (   1,    8) (   1,    8) (   1,    8) (   1,    8)
          (   1,    8) (   1,    8) (   1,    8) (   1,    8) (   1,    8) (   1,    8) (   1,    8) (   1,    8) (   1,    8) (   1,    8)
          (   1,    8) (   1,    8) (   1,    8) (   1,    8) (   1,    8) (   1,    8) (   1,    8) (   1,    8) (   1,    8) (   1,    8)
          (   1,    8) (   1,    8) (   1,    8) (   1,    8) (   1,    8) (   1,    8) (   1,    8) (   1,    8) (   1,    8) (   1,    8)
          (   1,    8) (   1,    8) (   1,    8) (   1,    8) (   1,    8) (   1,    8) (   1,    8) (   1,    8) (   1,    8) (   1,    8)
          (   1,    8) (   1,    8) (   1,    8) (   1,    8) (   1,    8) (   1,    8) (   1,    8) (   1,    8) (   1,    8) (   1,    8)
          (   1,    8) (   1,    8) (   1,    8) (   1,    8) (   1,    8) (   1,    8) (   1,    8) (   1,    8) (   1,    8) (   1,    8)
          (   1,    8) (   1,    8) (   1,    8) (   1,    8) (   1,    8) (   1,    8) (   1,    8) (   1,    8) (   1,    8) (   1,    8)
          (   1,    8) (   1,    8) (   1,    8) (   1,    8) (   1,    8) (   1,    8) (   1,    8) (   1,    8) (   1,    8) (   1,    8)
          (   1,    8) (   1,    8) (   1,    8) (   1,    8) (   1,    8) (   1,    8) (   1,    8) (   1,    8) (   1,    8) (   1,    8)
          (   1,    8) (   1,    8) (   1,    8) (   1,    8) (   1,    8) (   1,    8) (   1,    8) (   1,    8) (   1,    8) (   1,    8)
          (   1,    8) (   1,    8) (   1,    8) (   1,    8) (   1,    8) (   1,    8) (   1,    8) (   1,    8) (   1,    8) (   1,    8)
          (   1,    8) (   1,    8) (   1,    8) (   1,    8) (   1,    8) (   1,    8) (   1,    8) (   1,    8) (   1,    8) (   1,    8)
          (   1,    8) (   1,    8) (   1,    8) (   1,    8) (   1,    8) (   1,    8) (   1,    8) (   1,    8) (   1,    8) (   1,    8)
          (   1,    8) (   1,    8) (   1,    8) (   1,    8) (   1,    8) (   1,    8) (   1,    8) (   1,    8) (   1,    8) (   1,    8)
          (   1,    8) (   1,    8) (   1,    8) (   1,    8) (   1,    8) (   1,    8) (   1,    8) (   1,    8) (   1,    8) (   1,    8)
          (   1,    8) (   1,    8) (   1,    8) (   1,    8) (   1,    8) (   1,    8) (   1,    8) (   1,    8) (   1,    8) (   1,    8)
          (   1,    8) (   1,    8) (   1,    8) (   1,    8) (   1,    8) (   1,    8) (   1,    8) (   1,    8) (   1,    8) (   1,    8)
          (   1,    8) (   1,    8) (   1,    8) (   1,    8) (   1,    8) (   1,    8) (   1,    8) (   1,    8) (   1,    8) (   1,    8)
          (   1,    8) (   1,    8) (   1,    8) (   1,    8) (   1,    8) (   1,    8) (   1,    8) (   1,    8) (   1,    8) (   1,    8)
          (   1,    8) (   1,    8) (   1,    8) (   1,    8) (   1,    8) (   1,    8) (   1,    8) (   1,    8) (   1,    8) (   1,    8)
          (   1,    8) (   1,    8) (   1,    8) (   1,    8) (   1,    8) (   1,    8) (   1,    8) (   1,    8) (   1,    8) (   1,    8)
          (   1,    8) (   1,    8) (   1,    8) (   1,    8) (   1,    8) (   1,    8) (   1,    8) (   1,    8) (   1,    8) (   1,    8)
          (   1,    8) (   1,    8) (   1,    8) (   1,    8) (   1,    8) (   1,    8) (   1,    8) (   1,    8) (   1,    8) (   1,    8)
          (   1,    8) (   1,    8) (   1,    8) (   1,    8) (   1,    8) (   1,    8) (   1,    8) (   1,    8) (   1,    8) (   1,    8)
          (   1,    8) (   1,    8) (   1,    8) (   1,    8) (   1,    8) (   1,    8) (   1,    8) (   1,    8) (   1,    8) (   1,    8)
          (   1,    8) (   1,    8) (   1,    8) (   1,    8) (   1,    8) (   1,    8) (   1,    8) (   1,    8) (   1,    8) (   1,    8)
          (   1,    8) (   1,    8) (   1,    8) (   1,    8) (   1,    8) (   1,    8) (   1,    8) (   1,    8) (   1,    8) (   1,    8)
         
node   8 sent_total    698  recv_total   5664

node   9  (   0,    0) (   0,    0) (   1,    0) (   0,    0) (   1,    3) (   1,    8) (   1,    9) (   1,    9) (   1,    9) (   1,    9)
          (   1,    9) (   1,    9) (   1,    9) (   1,    9) (   1,    9) (   1,    9) (   1,    9) (   1,    9) (   1,    9) (   1,    9)
          (   1,    9) (   1,    9) (   1,    9) (   1,    9) (   1,    9) (   1,    9) (   1,    9) (   1,    9) (   1,    9) (   1,    9)
          (   1,    9) (   1,    9) (   1,    9) (   1,    9) (   1,    9) (   1,    9) (   1,    9) (   1,    9) (   1,    9) (   1,    9)
          (   1,    9) (   1,    9) (   1,    9) (   1,    9) (   1,    9) (   1,    9) (   1,    9) (   1,    9) (   1,    9) (   1,    9)
          (   1,    9) (   1,    9) (   1,    9) (   1,    9) (   1,    9) (   1,    9) (   1,    9) (   1,    9) (   1,    9) (   1,    9)
          (   1,    9) (   1,    9) (   1,    9) (   1,    9) (   1,    9) (   1,    9) (   1,    9) (   1,    9) (   1,    9) (   1,    9)
          (   1,    9) (   1,    9) (   1,    9) (   1,    9) (   1,    9) (   1,    9) (   1,    9) (   1,    9) (   1,    9) (   1,    9)
          (   1,    9) (   1,    9) (   1,    9) (   1,    9) (   1,    9) (   1,    9) (   1,    9) (   1,    9) (   1,    9) (   1,    9)
          (   1,    9) (   1,    9) (   1,    9) (   1,    9) (   1,    9) (   1,    9) (   1,    9) (   1,    9) (   1,    9) (   1,    9)
          (   1,    9) (   1,    9) (   1,    9) (   1,    8) (   1,    8) (   1,    8) (   1,    8) (   1,    8) (   1,    8) (   1,    8)
          (   1,    8) (   1,    8) (   1,    8) (   1,    8) (   1,    8) (   1,    8) (   1,    8) (   1,    8) (   1,    8) (   1,    8)
          (   1,    8) (   1,    8) (   1,    8) (   1,    8) (   1,    8) (   1,    8) (   1,    8) (   1,    8) (   1,    8) (   1,    8)
          (   1,    8) (   1,    8) (   1,    8) (   1,    8) (   1,    8) (   1,    8) (   1,    8) (   1,    8) (   1,    8) (   1,    8)
          (   1,    8) (   1,    8) (   1,    8) (   1,    8) (   1,    8) (   1,    8) (   1,    8) (   1,    8) (   1,    8) (   1,    8)
          (   1,    8) (   1,    8) (   1,    8) (   1,    8) (   1,    8) (   1,    8) (   1,    8) (   1,    8) (   1,    8) (   1,    8)
          (   1,    8) (   1,    8) (   1,    8) (   1,    8) (   1,    8) (   1,    8) (   1,    8) (   1,    8) (   1,    8) (   1,    8)
          (   1,    8) (   1,    8) (   1,    8) (   1,    8) (   1,    8) (   1,    8) (   1,    8) (   1,    8) (   1,    8) (   1,    8)
          (   1,    8) (   1,    8) (   1,    8) (   1,    8) (   1,    8) (   1,    8) (   1,    8) (   1,    8) (   1,    8) (   1,    8)
          (   1,    8) (   1,    8) (   1,    8) (   1,    8) (   1,    8) (   1,    8) (   1,    8) (   1,    8) (   1,    8) (   1,    8)
          (   1,    8) (   1,    8) (   1,    8) (   1,    8) (   1,    8) (   1,    8) (   1,    8) (   1,    8) (   1,    8) (   1,    8)
          (   1,    8) (   1,    8) (   1,    8) (   1,    8) (   1,    8) (   1,    8) (   1,    8) (   1,    8) (   1,    8) (   1,    8)
          (   1,    8) (   1,    8) (   1,    8) (   1,    8) (   1,    8) (   1,    8) (   1,    8) (   1,    8) (   1,    8) (   1,    8)
          (   1,    8) (   1,    8) (   1,    8) (   1,    8) (   1,    8) (   1,    8) (   1,    8) (   1,    8) (   1,    8) (   1,    8)
          (   1,    8) (   1,    8) (   1,    8) (   1,    8) (   1,    8) (   1,    8) (   1,    8) (   1,    8) (   1,    8) (   1,    8)
          (   1,    8) (   1,    8) (   1,    8) (   1,    8) (   1,    8) (   1,    8) (   1,    8) (   1,    8) (   1,    8) (   1,    8)
          (   1,    8) (   1,    8) (   1,    8) (   1,    8) (   1,    8) (   1,    8) (   1,    8) (   1,    8) (   1,    8) (   1,    8)
          (   1,    8) (   1,    8) (   1,    8) (   1,    8) (   1,    8) (   1,    8) (   1,    8) (   1,    8) (   1,    8) (   1,    8)
          (   1,    8) (   1,    8) (   1,    8) (   1,    8) (   1,    8) (   1,    8) (   1,    8) (   1,    8) (   1,    8) (   1,    8)
          (   1,    8) (   1,    8) (   1,    8) (   1,    8) (   1,    8) (   1,    8) (   1,    8) (   1,    8) (   1,    8) (   1,    8)
          (   1,    8) (   1,    8) (   1,    8) (   1,    8) (   1,    8) (   1,    8) (   1,    8) (   1,    8) (   1,    8) (   1,    8)
          (   1,    8) (   1,    8) (   1,    8) (   1,    8) (   1,    8) (   1,    8) (   1,    8) (   1,    8) (   1,    8) (   1,    8)
          (   1,    8) (   1,    8) (   1,    8) (   1,    8) (   1,    8) (   1,    8) (   1,    8) (   1,    8) (   1,    8) (   1,    8)
          (   1,    8) (   1,    8) (   1,    8) (   1,    8) (   1,    8) (   1,    8) (   1,    8) (   1,    8) (   1,    8) (   1,    8)
          (   1,    8) (   1,    8) (   1,    8) (   1,    8) (   1,    8) (   1,    8) (   1,    8) (   1,    8) (   1,    8) (   1,    8)
          (   1,    8) (   1,    8) (   1,    8) (   1,    8) (   1,    8) (   1,    8) (   1,    8) (   1,    8) (   1,    8) (   1,    8)
          (   1,    8) (   1,    8) (   1,    8) (   1,    8) (   1,    8) (   1,    8) (   1,    8) (   1,    8) (   1,    8) (   1,    8)
          (   1,    8) (   1,    8) (   1,    8) (   1,    8) (   1,    8) (   1,    8) (   1,    8) (   1,    8) (   1,    8) (   1,    8)
          (   1,    8) (   1,    8) (   1,    8) (   1,    8) (   1,    8) (   1,    8) (   1,    8) (   1,    8) (   1,    8) (   1,    8)
          (   1,    8) (   1,    8) (   1,    8) (   1,    8) (   1,    8) (   1,    8) (   1,    8) (   1,    8) (   1,    8) (   1,    8)
          (   1,    8) (   1,    8) (   1,    8) (   1,    8) (   1,    8) (   1,    8) (   1,    8) (   1,    8) (   1,    8) (   1,    8)
          (   1,    8) (   1,    8) (   1,    8) (   1,    8) (   1,    8) (   1,    8) (   1,    8) (   1,    8) (   1,    8) (   1,    8)
          (   1,    8) (   1,    8) (   1,    8) (   1,    8) (   1,    8) (   1,    8) (   1,    8) (   1,    8) (   1,    8) (   1,    8)
          (   1,    8) (   1,    8) (   1,    8) (   1,    8) (   1,    8) (   1,    8) (   1,    8) (   1,    8) (   1,    8) (   1,    8)
          (   1,    8) (   1,    8) (   1,    8) (   1,    8) (   1,    8) (   1,    8) (   1,    8) (   1,    8) (   1,    8) (   1,    8)
          (   1,    8) (   1,    8) (   1,    8) (   1,    8) (   1,    8) (   1,    8) (   1,    8) (   1,    8) (   1,    8) (   1,    8)
          (   1,    8) (   1,    8) (   1,    8) (   1,    8) (   1,    8) (   1,    8) (   1,    8) (   1,    8) (   1,    8) (   1,    8)
          (   1,    8) (   1,    8) (   1,    8) (   1,    8) (   1,    8) (   1,    8) (   1,    8) (   1,    8) (   1,    8) (   1,    8)
          (   1,    8) (   1,    8) (   1,    8) (   1,    8) (   1,    8) (   1,    8) (   1,    8) (   1,    8) (   1,    8) (   1,    8)
          (   1,    8) (   1,    8) (   1,    8) (   1,    8) (   1,    8) (   1,    8) (   1,    8) (   1,    8) (   1,    8) (   1,    8)
          (   1,    8) (   1,    8) (   1,    8) (   1,    8) (   1,    8) (   1,    8) (   1,    8) (   1,    8) (   1,    8) (   1,    8)
          (   1,    8) (   1,    8) (   1,    8) (   1,    8) (   1,    8) (   1,    8) (   1,    8) (   1,    8) (   1,    8) (   1,    8)
          (   1,    8) (   1,    8) (   1,    8) (   1,    8) (   1,    8) (   1,    8) (   1,    8) (   1,    8) (   1,    8) (   1,    8)
          (   1,    8) (   1,    8) (   1,    8) (   1,    8) (   1,    8) (   1,    8) (   1,    8) (   1,    8) (   1,    8) (   1,    8)
          (   1,    8) (   1,    8) (   1,    8) (   1,    8) (   1,    8) (   1,    8) (   1,    8) (   1,    8) (   1,    8) (   1,    8)
          (   1,    8) (   1,    8) (   1,    8) (   1,    8) (   1,    8) (   1,    8) (   1,    8) (   1,    8) (   1,    8) (   1,    8)
          (   1,    8) (   1,    8) (   1,    8) (   1,    8) (   1,    8) (   1,    8) (   1,    8) (   1,    8) (   1,    8) (   1,    8)
          (   1,    8) (   1,    8) (   1,    8) (   1,    8) (   1,    8) (   1,    8) (   1,    8) (   1,    8) (   1,    8) (   1,    8)
          (   1,    8) (   1,    8) (   1,    8) (   1,    8) (   1,    8) (   1,    8) (   1,    8) (   1,    8) (   1,    8) (   1,    8)
          (   1,    8) (   1,    8) (   1,    8) (   1,    8) (   1,    8) (   1,    8) (   1,    8) (   1,    8) (   1,    8) (   1,    8)
          (   1,    8) (   1,    8) (   1,    8) (   1,    8) (   1,    8) (   1,    8) (   1,    8) (   1,    8) (   1,    8) (   1,    8)
          (   1,    8) (   1,    8) (   1,    8) (   1,    8) (   1,    8) (   1,    8) (   1,    8) (   1,    8) (   1,    8) (   1,    8)
          (   1,    8) (   1,    8) (   1,    8) (   1,    8) (   1,    8) (   1,    8) (   1,    8) (   1,    8) (   1,    8) (   1,    8)
          (   1,    8) (   1,    8) (   1,    8) (   1,    8) (   1,    8) (   1,    8) (   1,    8) (   1,    8) (   1,    8) (   1,    8)
          (   1,    8) (   1,    8) (   1,    8) (   1,    8) (   1,    8) (   1,    8) (   1,    8) (   1,    8) (   1,    8) (   1,    8)
          (   1,    8) (   1,    8) (   1,    8) (   1,    8) (   1,    8) (   1,    8) (   1,    8) (   1,    8) (   1,    8) (   1,    8)
          (   1,    8) (   1,    8) (   1,    8) (   1,    8) (   1,    8) (   1,    8) (   1,    8) (   1,    8) (   1,    8) (   1,    8)
          (   1,    8) (   1,    8) (   1,    8) (   1,    8) (   1,    8) (   1,    8) (   1,    8) (   1,    8) (   1,    8) (   1,    8)
          (   1,    8) (   1,    8) (   1,    8) (   1,    8) (   1,    8) (   1,    8) (   1,    8) (   1,    8) (   1,    8) (   1,    8)
          (   1,    8) (   1,    8) (   1,    8) (   1,    8) (   1,    8) (   1,    8) (   1,    8) (   1,    8) (   1,    8) (   1,    8)
         
node   9 sent_total    697  recv_total   5660

node  10  (   0,    0) (   0,    0) (   1,    0) (   0,    0) (   1,    2) (   1,    8) (   1,    9) (   1,    9) (   1,    9) (   1,    9)
          (   1,    9) (   1,    9) (   1,    9) (   1,    9) (   1,    9) (   1,    9) (   1,    9) (   1,    9) (   1,    9) (   1,    9)
          (   1,    9) (   1,    9) (   1,    9) (   1,    9) (   1,    9) (   1,    9) (   1,    9) (   1,    9) (   1,    9) (   1,    9)
          (   1,    9) (   1,    9) (   1,    9) (   1,    9) (   1,    9) (   1,    9) (   1,    9) (   1,    9) (   1,    9) (   1,    9)
          (   1,    9) (   1,    9) (   1,    9) (   1,    9) (   1,    9) (   1,    9) (   1,    9) (   1,    9) (   1,    9) (   1,    9)
          (   1,    9) (   1,    9) (   1,    9) (   1,    9) (   1,    9) (   1,    9) (   1,    9) (   1,    9) (   1,    9) (   1,    9)
          (   1,    9) (   1,    9) (   1,    9) (   1,    9) (   1,    9) (   1,    9) (   1,    9) (   1,    9) (   1,    9) (   1,    9)
          (   1,    9) (   1,    9) (   1,    9) (   1,    9) (   1,    9) (   1,    9) (   1,    9) (   1,    9) (   1,    9) (   1,    9)
          (   1,    9) (   1,    9) (   1,    9) (   1,    9) (   1,    9) (   1,    9) (   1,    9) (   1,    9) (   1,    9) (   1,    9)
          (   1,    9) (   1,    9) (   1,    9) (   1,    9) (   1,    9) (   1,    9) (   1,    9) (   1,    9) (   1,    9) (   1,    9)
          (   1,    9) (   1,    9) (   1,    9) (   1,    8) (   1,    8) (   1,    8) (   1,    8) (   1,    8) (   1,    8) (   1,    8)
          (   1,    8) (   1,    8) (   1,    8) (   1,    8) (   1,    8) (   1,    8) (   1,    8) (   1,    8) (   1,    8) (   1,    8)
          (   1,    8) (   1,    8) (   1,    8) (   1,    8) (   1,    8) (   1,    8) (   1,    8) (   1,    8) (   1,    8) (   1,    8)
          (   1,    8) (   1,    8) (   1,    8) (   1,    8) (   1,    8) (   1,    8) (   1,    8) (   1,    8) (   1,    8) (   1,    8)
          (   1,    8) (   1,    8) (   1,    8) (   1,    8) (   1,    8) (   1,    8) (   1,    8) (   1,    8) (   1,    8) (   1,    8)
          (   1,    8) (   1,    8) (   1,    8) (   1,    8) (   1,    8) (   1,    8) (   1,    8) (   1,    8) (   1,    8) (   1,    8)
          (   1,    8) (   1,    8) (   1,    8) (   1,    8) (   1,    8) (   1,    8) (   1,    8) (   1,    8) (   1,    8) (   1,    8)
          (   1,    8) (   1,    8) (   1,    8) (   1,    8) (   1,    8) (   1,    8) (   1,    8) (   1,    8) (   1,    8) (   1,    8)
          (   1,    8) (   1,    8) (   1,    8) (   1,    8) (   1,    8) (   1,    8) (   1,    8) (   1,    8) (   1,    8) (   1,    8)
          (   1,    8) (   1,    8) (   1,    8) (   1,    8) (   1,    8) (   1,    8) (   1,    8) (   1,    8) (   1,    8) (   1,    8)
          (   1,    8) (   1,    8) (   1,    8) (   1,    8) (   1,    8) (   1,    8) (   1,    8) (   1,    8) (   1,    8) (   1,    8)
          (   1,    8) (   1,    8) (   1,    8) (   1,    8) (   1,    8) (   1,    8) (   1,    8) (   1,    8) (   1,    8) (   1,    8)
          (   1,    8) (   1,    8) (   1,    8) (   1,    8) (   1,    8) (   1,    8) (   1,    8) (   1,    8) (   1,    8) (   1,    8)
          (   1,    8) (   1,    8) (   1,    8) (   1,    8) (   1,    8) (   1,    8) (   1,    8) (   1,    8) (   1,    8) (   1,    8)
          (   1,    8) (   1,    8) (   1,    8) (   1,    8) (   1,    8) (   1,    8) (   1,    8) (   1,    8) (   1,    8) (   1,    8)
          (   1,    8) (   1,    8) (   1,    8) (   1,    8) (   1,    8) (   1,    8) (   1,    8) (   1,    8) (   1,    8) (   1,    8)
          (   1,    8) (   1,    8) (   1,    8) (   1,    8) (   1,    8) (   1,    8) (   1,    8) (   1,    8) (   1,    8) (   1,    8)
          (   1,    8) (   1,    8) (   1,    8) (   1,    8) (   1,    8) (   1,    8) (   1,    8) (   1,    8) (   1,    8) (   1,    8)
          (   1,    8) (   1,    8) (   1,    8) (   1,    8) (   1,    8) (   1,    8) (   1,    8) (   1,    8) (   1,    8) (   1,    8)
          (   1,    8) (   1,    8) (   1,    8) (   1,    8) (   1,    8) (   1,    8) (   1,    8) (   1,    8) (   1,    8) (   1,    8)
          (   1,    8) (   1,    8) (   1,    8) (   1,    8) (   1,    8) (   1,    8) (   1,    8) (   1,    8) (   1,    8) (   1,    8)
          (   1,    8) (   1,    8) (   1,    8) (   1,    8) (   1,    8) (   1,    8) (   1,    8) (   1,    8) (   1,    8) (   1,    8)
          (   1,    8) (   1,    8) (   1,    8) (   1,    8) (   1,    8) (   1,    8) (   1,    8) (   1,    8) (   1,    8) (   1,    8)
          (   1,    8) (   1,    8) (   1,    8) (   1,    8) (   1,    8) (   1,    8) (   1,    8) (   1,    8) (   1,    8) (   1,    8)
          (   1,    8) (   1,    8) (   1,    8) (   1,    8) (   1,    8) (   1,    8) (   1,    8) (   1,    8) (   1,    8) (   1,    8)
          (   1,    8) (   1,    8) (   1,    8) (   1,    8) (   1,    8) (   1,    8) (   1,    8) (   1,    8) (   1,    8) (   1,    8)
          (   1,    8) (   1,    8) (   1,    8) (   1,    8) (   1,    8) (   1,    8) (   1,    8) (   1,    8) (   1,    8) (   1,    8)
          (   1,    8) (   1,    8) (   1,    8) (   1,    8) (   1,    8) (   1,    8) (   1,    8) (   1,    8) (   1,    8) (   1,    8)
          (   1,    8) (   1,    8) (   1,    8) (   1,    8) (   1,    8) (   1,    8) (   1,    8) (   1,    8) (   1,    8) (   1,    8)
          (   1,    8) (   1,    8) (   1,    8) (   1,    8) (   1,    8) (   1,    8) (   1,    8) (   1,    8) (   1,    8) (   1,    8)
          (   1,    8) (   1,    8) (   1,    8) (   1,    8) (   1,    8) (   1,    8) (   1,    8) (   1,    8) (   1,    8) (   1,    8)
          (   1,    8) (   1,    8) (   1,    8) (   1,    8) (   1,    8) (   1,    8) (   1,    8) (   1,    8) (   1,    8) (   1,    8)
          (   1,    8) (   1,    8) (   1,    8) (   1,    8) (   1,    8) (   1,    8) (   1,    8) (   1,    8) (   1,    8) (   1,    8)
          (   1,    8) (   1,    8) (   1,    8) (   1,    8) (   1,    8) (   1,    8) (   1,    8) (   1,    8) (   1,    8) (   1,    8)
          (   1,    8) (   1,    8) (   1,    8) (   1,    8) (   1,    8) (   1,    8) (   1,    8) (   1,    8) (   1,    8) (   1,    8)
          (   1,    8) (   1,    8) (   1,    8) (   1,    8) (   1,    8) (   1,    8) (   1,    8) (   1,    8) (   1,    8) (   1,    8)
          (   1,    8) (   1,    8) (   1,    8) (   1,    8) (   1,    8) (   1,    8) (   1,    8) (   1,    8) (   1,    8) (   1,    8)
          (   1,    8) (   1,    8) (   1,    8) (   1,    8) (   1,    8) (   1,    8) (   1,    8) (   1,    8) (   1,    8) (   1,    8)
          (   1,    8) (   1,    8) (   1,    8) (   1,    8) (   1,    8) (   1,    8) (   1,    8) (   1,    8) (   1,    8) (   1,    8)
          (   1,    8) (   1,    8) (   1,    8) (   1,    8) (   1,    8) (   1,    8) (   1,    8) (   1,    8) (   1,    8) (   1,    8)
          (   1,    8) (   1,    8) (   1,    8) (   1,    8) (   1,    8) (   1,    8) (   1,    8) (   1,    8) (   1,    8) (   1,    8)
          (   1,    8) (   1,    8) (   1,    8) (   1,    8) (   1,    8) (   1,    8) (   1,    8) (   1,    8) (   1,    8) (   1,    8)
          (   1,    8) (   1,    8) (   1,    8) (   1,    8) (   1,    8) (   1,    8) (   1,    8) (   1,    8) (   1,    8) (   1,    8)
          (   1,    8) (   1,    8) (   1,    8) (   1,    8) (   1,    8) (   1,    8) (   1,    8) (   1,    8) (   1,    8) (   1,    8)
          (   1,    8) (   1,    8) (   1,    8) (   1,    8) (   1,    8) (   1,    8) (   1,    8) (   1,    8) (   1,    8) (   1,    8)
          (   1,    8) (   1,    8) (   1,    8) (   1,    8) (   1,    8) (   1,    8) (   1,    8) (   1,    8) (   1,    8) (   1,    8)
          (   1,    8) (   1,    8) (   1,    8) (   1,    8) (   1,    8) (   1,    8) (   1,    8) (   1,    8) (   1,    8) (   1,    8)
          (   1,    8) (   1,    8) (   1,    8) (   1,    8) (   1,    8) (   1,    8) (   1,    8) (   1,    8) (   1,    8) (   1,    8)
          (   1,    8) (   1,    8) (   1,    8) (   1,    8) (   1,    8) (   1,    8) (   1,    8) (   1,    8) (   1,    8) (   1,    8)
          (   1,    8) (   1,    8) (   1,    8) (   1,    8) (   1,    8) (   1,    8) (   1,    8) (   1,    8) (   1,    8) (   1,    8)
          (   1,    8) (   1,    8) (   1,    8) (   1,    8) (   1,    8) (   1,    8) (   1,    8) (   1,    8) (   1,    8) (   1,    8)
          (   1,    8) (   1,    8) (   1,    8) (   1,    8) (   1,    8) (   1,    8) (   1,    8) (   1,    8) (   1,    8) (   1,    8)
          (   1,    8) (   1,    8) (   1,    8) (   1,    8) (   1,    8) (   1,    8) (   1,    8) (   1,    8) (   1,    8) (   1,    8)
          (   1,    8) (   1,    8) (   1,    8) (   1,    8) (   1,    8) (   1,    8) (   1,    8) (   1,    8) (   1,    8) (   1,    8)
          (   1,    8) (   1,    8) (   1,    8) (   1,    8) (   1,    8) (   1,    8) (   1,    8) (   1,    8) (   1,    8) (   1,    8)
          (   1,    8) (   1,    8) (   1,    8) (   1,    8) (   1,    8) (   1,    8) (   1,    8) (   1,    8) (   1,    8) (   1,    8)
          (   1,    8) (   1,    8) (   1,    8) (   1,    8) (   1,    8) (   1,    8) (   1,    8) (   1,    8) (   1,    8) (   1,    8)
          (   1,    8) (   1,    8) (   1,    8) (   1,    8) (   1,    8) (   1,    8) (   1,    8) (   1,    8) (   1,    8) (   1,    8)
          (   1,    8) (   1,    8) (   1,    8) (   1,    8) (   1,    8) (   1,    8) (   1,    8) (   1,    8) (   1,    8) (   1,    8)
          (   1,    8) (   1,    8) (   1,    8) (   1,    8) (   1,    8) (   1,    8) (   1,    8) (   1,    8) (   1,    8) (   1,    8)
         
node  10 sent_total    697  recv_total   5659

